{
  "C:\\Projects\\EverFreeNote\\cypress\\support\\commands.js": {
    "path": "C:\\Projects\\EverFreeNote\\cypress\\support\\commands.js",
    "statementMap": {
      "0": {
        "start": {
          "line": 20,
          "column": 0
        },
        "end": {
          "line": 24,
          "column": 2
        }
      },
      "1": {
        "start": {
          "line": 21,
          "column": 2
        },
        "end": {
          "line": 21,
          "column": 35
        }
      },
      "2": {
        "start": {
          "line": 22,
          "column": 2
        },
        "end": {
          "line": 22,
          "column": 85
        }
      },
      "3": {
        "start": {
          "line": 23,
          "column": 2
        },
        "end": {
          "line": 23,
          "column": 66
        }
      },
      "4": {
        "start": {
          "line": 32,
          "column": 0
        },
        "end": {
          "line": 43,
          "column": 2
        }
      },
      "5": {
        "start": {
          "line": 33,
          "column": 2
        },
        "end": {
          "line": 33,
          "column": 33
        }
      },
      "6": {
        "start": {
          "line": 34,
          "column": 2
        },
        "end": {
          "line": 34,
          "column": 55
        }
      },
      "7": {
        "start": {
          "line": 36,
          "column": 2
        },
        "end": {
          "line": 36,
          "column": 68
        }
      },
      "8": {
        "start": {
          "line": 37,
          "column": 2
        },
        "end": {
          "line": 39,
          "column": 3
        }
      },
      "9": {
        "start": {
          "line": 38,
          "column": 4
        },
        "end": {
          "line": 38,
          "column": 67
        }
      },
      "10": {
        "start": {
          "line": 40,
          "column": 2
        },
        "end": {
          "line": 40,
          "column": 39
        }
      },
      "11": {
        "start": {
          "line": 41,
          "column": 2
        },
        "end": {
          "line": 41,
          "column": 83
        }
      },
      "12": {
        "start": {
          "line": 42,
          "column": 2
        },
        "end": {
          "line": 42,
          "column": 15
        }
      },
      "13": {
        "start": {
          "line": 49,
          "column": 0
        },
        "end": {
          "line": 54,
          "column": 2
        }
      },
      "14": {
        "start": {
          "line": 50,
          "column": 2
        },
        "end": {
          "line": 50,
          "column": 28
        }
      },
      "15": {
        "start": {
          "line": 51,
          "column": 2
        },
        "end": {
          "line": 51,
          "column": 14
        }
      },
      "16": {
        "start": {
          "line": 52,
          "column": 2
        },
        "end": {
          "line": 52,
          "column": 41
        }
      },
      "17": {
        "start": {
          "line": 53,
          "column": 2
        },
        "end": {
          "line": 53,
          "column": 83
        }
      },
      "18": {
        "start": {
          "line": 60,
          "column": 0
        },
        "end": {
          "line": 64,
          "column": 2
        }
      },
      "19": {
        "start": {
          "line": 63,
          "column": 2
        },
        "end": {
          "line": 63,
          "column": 47
        }
      },
      "20": {
        "start": {
          "line": 70,
          "column": 0
        },
        "end": {
          "line": 77,
          "column": 2
        }
      },
      "21": {
        "start": {
          "line": 71,
          "column": 2
        },
        "end": {
          "line": 75,
          "column": 3
        }
      },
      "22": {
        "start": {
          "line": 72,
          "column": 4
        },
        "end": {
          "line": 72,
          "column": 62
        }
      },
      "23": {
        "start": {
          "line": 74,
          "column": 4
        },
        "end": {
          "line": 74,
          "column": 50
        }
      },
      "24": {
        "start": {
          "line": 76,
          "column": 2
        },
        "end": {
          "line": 76,
          "column": 14
        }
      },
      "25": {
        "start": {
          "line": 82,
          "column": 0
        },
        "end": {
          "line": 85,
          "column": 2
        }
      },
      "26": {
        "start": {
          "line": 83,
          "column": 2
        },
        "end": {
          "line": 83,
          "column": 48
        }
      },
      "27": {
        "start": {
          "line": 84,
          "column": 2
        },
        "end": {
          "line": 84,
          "column": 14
        }
      },
      "28": {
        "start": {
          "line": 91,
          "column": 0
        },
        "end": {
          "line": 94,
          "column": 2
        }
      },
      "29": {
        "start": {
          "line": 92,
          "column": 2
        },
        "end": {
          "line": 92,
          "column": 26
        }
      },
      "30": {
        "start": {
          "line": 93,
          "column": 2
        },
        "end": {
          "line": 93,
          "column": 15
        }
      },
      "31": {
        "start": {
          "line": 99,
          "column": 0
        },
        "end": {
          "line": 102,
          "column": 2
        }
      },
      "32": {
        "start": {
          "line": 100,
          "column": 2
        },
        "end": {
          "line": 100,
          "column": 74
        }
      },
      "33": {
        "start": {
          "line": 101,
          "column": 2
        },
        "end": {
          "line": 101,
          "column": 14
        }
      },
      "34": {
        "start": {
          "line": 109,
          "column": 0
        },
        "end": {
          "line": 122,
          "column": 2
        }
      },
      "35": {
        "start": {
          "line": 110,
          "column": 2
        },
        "end": {
          "line": 110,
          "column": 45
        }
      },
      "36": {
        "start": {
          "line": 111,
          "column": 2
        },
        "end": {
          "line": 111,
          "column": 95
        }
      },
      "37": {
        "start": {
          "line": 113,
          "column": 2
        },
        "end": {
          "line": 117,
          "column": 3
        }
      },
      "38": {
        "start": {
          "line": 114,
          "column": 4
        },
        "end": {
          "line": 114,
          "column": 29
        }
      },
      "39": {
        "start": {
          "line": 116,
          "column": 4
        },
        "end": {
          "line": 116,
          "column": 27
        }
      },
      "40": {
        "start": {
          "line": 119,
          "column": 2
        },
        "end": {
          "line": 119,
          "column": 41
        }
      },
      "41": {
        "start": {
          "line": 120,
          "column": 2
        },
        "end": {
          "line": 120,
          "column": 74
        }
      },
      "42": {
        "start": {
          "line": 121,
          "column": 2
        },
        "end": {
          "line": 121,
          "column": 40
        }
      },
      "43": {
        "start": {
          "line": 132,
          "column": 0
        },
        "end": {
          "line": 134,
          "column": 2
        }
      },
      "44": {
        "start": {
          "line": 133,
          "column": 2
        },
        "end": {
          "line": 133,
          "column": 74
        }
      },
      "45": {
        "start": {
          "line": 140,
          "column": 0
        },
        "end": {
          "line": 142,
          "column": 2
        }
      },
      "46": {
        "start": {
          "line": 141,
          "column": 2
        },
        "end": {
          "line": 141,
          "column": 40
        }
      },
      "47": {
        "start": {
          "line": 148,
          "column": 0
        },
        "end": {
          "line": 150,
          "column": 2
        }
      },
      "48": {
        "start": {
          "line": 149,
          "column": 2
        },
        "end": {
          "line": 149,
          "column": 39
        }
      },
      "49": {
        "start": {
          "line": 160,
          "column": 0
        },
        "end": {
          "line": 206,
          "column": 2
        }
      },
      "50": {
        "start": {
          "line": 162,
          "column": 2
        },
        "end": {
          "line": 205,
          "column": 4
        }
      },
      "51": {
        "start": {
          "line": 172,
          "column": 4
        },
        "end": {
          "line": 204,
          "column": 6
        }
      },
      "52": {
        "start": {
          "line": 174,
          "column": 22
        },
        "end": {
          "line": 174,
          "column": 93
        }
      },
      "53": {
        "start": {
          "line": 175,
          "column": 26
        },
        "end": {
          "line": 175,
          "column": 47
        }
      },
      "54": {
        "start": {
          "line": 176,
          "column": 21
        },
        "end": {
          "line": 176,
          "column": 38
        }
      },
      "55": {
        "start": {
          "line": 178,
          "column": 6
        },
        "end": {
          "line": 181,
          "column": 7
        }
      },
      "56": {
        "start": {
          "line": 179,
          "column": 8
        },
        "end": {
          "line": 179,
          "column": 67
        }
      },
      "57": {
        "start": {
          "line": 180,
          "column": 8
        },
        "end": {
          "line": 180,
          "column": 14
        }
      },
      "58": {
        "start": {
          "line": 184,
          "column": 24
        },
        "end": {
          "line": 191,
          "column": 9
        }
      },
      "59": {
        "start": {
          "line": 184,
          "column": 43
        },
        "end": {
          "line": 191,
          "column": 7
        }
      },
      "60": {
        "start": {
          "line": 188,
          "column": 96
        },
        "end": {
          "line": 188,
          "column": 104
        }
      },
      "61": {
        "start": {
          "line": 188,
          "column": 118
        },
        "end": {
          "line": 188,
          "column": 119
        }
      },
      "62": {
        "start": {
          "line": 193,
          "column": 6
        },
        "end": {
          "line": 203,
          "column": 8
        }
      },
      "63": {
        "start": {
          "line": 211,
          "column": 0
        },
        "end": {
          "line": 231,
          "column": 2
        }
      },
      "64": {
        "start": {
          "line": 212,
          "column": 2
        },
        "end": {
          "line": 230,
          "column": 4
        }
      },
      "65": {
        "start": {
          "line": 213,
          "column": 20
        },
        "end": {
          "line": 213,
          "column": 91
        }
      },
      "66": {
        "start": {
          "line": 214,
          "column": 24
        },
        "end": {
          "line": 214,
          "column": 45
        }
      },
      "67": {
        "start": {
          "line": 215,
          "column": 19
        },
        "end": {
          "line": 215,
          "column": 36
        }
      },
      "68": {
        "start": {
          "line": 217,
          "column": 4
        },
        "end": {
          "line": 220,
          "column": 5
        }
      },
      "69": {
        "start": {
          "line": 218,
          "column": 6
        },
        "end": {
          "line": 218,
          "column": 55
        }
      },
      "70": {
        "start": {
          "line": 219,
          "column": 6
        },
        "end": {
          "line": 219,
          "column": 12
        }
      },
      "71": {
        "start": {
          "line": 222,
          "column": 4
        },
        "end": {
          "line": 229,
          "column": 6
        }
      },
      "72": {
        "start": {
          "line": 236,
          "column": 0
        },
        "end": {
          "line": 236,
          "column": 36
        }
      },
      "73": {
        "start": {
          "line": 239,
          "column": 0
        },
        "end": {
          "line": 241,
          "column": 2
        }
      },
      "74": {
        "start": {
          "line": 240,
          "column": 2
        },
        "end": {
          "line": 240,
          "column": 44
        }
      },
      "75": {
        "start": {
          "line": 243,
          "column": 0
        },
        "end": {
          "line": 245,
          "column": 2
        }
      },
      "76": {
        "start": {
          "line": 244,
          "column": 2
        },
        "end": {
          "line": 244,
          "column": 43
        }
      },
      "77": {
        "start": {
          "line": 247,
          "column": 0
        },
        "end": {
          "line": 262,
          "column": 2
        }
      },
      "78": {
        "start": {
          "line": 248,
          "column": 2
        },
        "end": {
          "line": 261,
          "column": 4
        }
      },
      "79": {
        "start": {
          "line": 249,
          "column": 19
        },
        "end": {
          "line": 249,
          "column": 29
        }
      },
      "80": {
        "start": {
          "line": 250,
          "column": 18
        },
        "end": {
          "line": 250,
          "column": 40
        }
      },
      "81": {
        "start": {
          "line": 251,
          "column": 21
        },
        "end": {
          "line": 251,
          "column": 38
        }
      },
      "82": {
        "start": {
          "line": 253,
          "column": 4
        },
        "end": {
          "line": 260,
          "column": 5
        }
      },
      "83": {
        "start": {
          "line": 254,
          "column": 6
        },
        "end": {
          "line": 254,
          "column": 43
        }
      },
      "84": {
        "start": {
          "line": 255,
          "column": 6
        },
        "end": {
          "line": 255,
          "column": 39
        }
      },
      "85": {
        "start": {
          "line": 257,
          "column": 24
        },
        "end": {
          "line": 257,
          "column": 45
        }
      },
      "86": {
        "start": {
          "line": 258,
          "column": 6
        },
        "end": {
          "line": 258,
          "column": 33
        }
      },
      "87": {
        "start": {
          "line": 259,
          "column": 6
        },
        "end": {
          "line": 259,
          "column": 31
        }
      }
    },
    "fnMap": {
      "0": {
        "name": "(anonymous_0)",
        "decl": {
          "start": {
            "line": 20,
            "column": 30
          },
          "end": {
            "line": 20,
            "column": 31
          }
        },
        "loc": {
          "start": {
            "line": 20,
            "column": 36
          },
          "end": {
            "line": 24,
            "column": 1
          }
        },
        "line": 20
      },
      "1": {
        "name": "(anonymous_1)",
        "decl": {
          "start": {
            "line": 32,
            "column": 35
          },
          "end": {
            "line": 32,
            "column": 36
          }
        },
        "loc": {
          "start": {
            "line": 32,
            "column": 66
          },
          "end": {
            "line": 43,
            "column": 1
          }
        },
        "line": 32
      },
      "2": {
        "name": "(anonymous_2)",
        "decl": {
          "start": {
            "line": 49,
            "column": 35
          },
          "end": {
            "line": 49,
            "column": 36
          }
        },
        "loc": {
          "start": {
            "line": 49,
            "column": 46
          },
          "end": {
            "line": 54,
            "column": 1
          }
        },
        "line": 49
      },
      "3": {
        "name": "(anonymous_3)",
        "decl": {
          "start": {
            "line": 60,
            "column": 39
          },
          "end": {
            "line": 60,
            "column": 40
          }
        },
        "loc": {
          "start": {
            "line": 60,
            "column": 45
          },
          "end": {
            "line": 64,
            "column": 1
          }
        },
        "line": 60
      },
      "4": {
        "name": "(anonymous_4)",
        "decl": {
          "start": {
            "line": 70,
            "column": 36
          },
          "end": {
            "line": 70,
            "column": 37
          }
        },
        "loc": {
          "start": {
            "line": 70,
            "column": 47
          },
          "end": {
            "line": 77,
            "column": 1
          }
        },
        "line": 70
      },
      "5": {
        "name": "(anonymous_5)",
        "decl": {
          "start": {
            "line": 82,
            "column": 36
          },
          "end": {
            "line": 82,
            "column": 37
          }
        },
        "loc": {
          "start": {
            "line": 82,
            "column": 42
          },
          "end": {
            "line": 85,
            "column": 1
          }
        },
        "line": 82
      },
      "6": {
        "name": "(anonymous_6)",
        "decl": {
          "start": {
            "line": 91,
            "column": 36
          },
          "end": {
            "line": 91,
            "column": 37
          }
        },
        "loc": {
          "start": {
            "line": 91,
            "column": 45
          },
          "end": {
            "line": 94,
            "column": 1
          }
        },
        "line": 91
      },
      "7": {
        "name": "(anonymous_7)",
        "decl": {
          "start": {
            "line": 99,
            "column": 36
          },
          "end": {
            "line": 99,
            "column": 37
          }
        },
        "loc": {
          "start": {
            "line": 99,
            "column": 42
          },
          "end": {
            "line": 102,
            "column": 1
          }
        },
        "line": 99
      },
      "8": {
        "name": "(anonymous_8)",
        "decl": {
          "start": {
            "line": 109,
            "column": 35
          },
          "end": {
            "line": 109,
            "column": 36
          }
        },
        "loc": {
          "start": {
            "line": 109,
            "column": 70
          },
          "end": {
            "line": 122,
            "column": 1
          }
        },
        "line": 109
      },
      "9": {
        "name": "(anonymous_9)",
        "decl": {
          "start": {
            "line": 132,
            "column": 41
          },
          "end": {
            "line": 132,
            "column": 42
          }
        },
        "loc": {
          "start": {
            "line": 132,
            "column": 52
          },
          "end": {
            "line": 134,
            "column": 1
          }
        },
        "line": 132
      },
      "10": {
        "name": "(anonymous_10)",
        "decl": {
          "start": {
            "line": 140,
            "column": 44
          },
          "end": {
            "line": 140,
            "column": 45
          }
        },
        "loc": {
          "start": {
            "line": 140,
            "column": 55
          },
          "end": {
            "line": 142,
            "column": 1
          }
        },
        "line": 140
      },
      "11": {
        "name": "(anonymous_11)",
        "decl": {
          "start": {
            "line": 148,
            "column": 40
          },
          "end": {
            "line": 148,
            "column": 41
          }
        },
        "loc": {
          "start": {
            "line": 148,
            "column": 49
          },
          "end": {
            "line": 150,
            "column": 1
          }
        },
        "line": 148
      },
      "12": {
        "name": "(anonymous_12)",
        "decl": {
          "start": {
            "line": 160,
            "column": 42
          },
          "end": {
            "line": 160,
            "column": 43
          }
        },
        "loc": {
          "start": {
            "line": 160,
            "column": 53
          },
          "end": {
            "line": 206,
            "column": 1
          }
        },
        "line": 160
      },
      "13": {
        "name": "(anonymous_13)",
        "decl": {
          "start": {
            "line": 170,
            "column": 10
          },
          "end": {
            "line": 170,
            "column": 11
          }
        },
        "loc": {
          "start": {
            "line": 170,
            "column": 28
          },
          "end": {
            "line": 205,
            "column": 3
          }
        },
        "line": 170
      },
      "14": {
        "name": "(anonymous_14)",
        "decl": {
          "start": {
            "line": 172,
            "column": 21
          },
          "end": {
            "line": 172,
            "column": 22
          }
        },
        "loc": {
          "start": {
            "line": 172,
            "column": 30
          },
          "end": {
            "line": 204,
            "column": 5
          }
        },
        "line": 172
      },
      "15": {
        "name": "(anonymous_15)",
        "decl": {
          "start": {
            "line": 184,
            "column": 34
          },
          "end": {
            "line": 184,
            "column": 35
          }
        },
        "loc": {
          "start": {
            "line": 184,
            "column": 43
          },
          "end": {
            "line": 191,
            "column": 7
          }
        },
        "line": 184
      },
      "16": {
        "name": "(anonymous_16)",
        "decl": {
          "start": {
            "line": 188,
            "column": 91
          },
          "end": {
            "line": 188,
            "column": 92
          }
        },
        "loc": {
          "start": {
            "line": 188,
            "column": 96
          },
          "end": {
            "line": 188,
            "column": 104
          }
        },
        "line": 188
      },
      "17": {
        "name": "(anonymous_17)",
        "decl": {
          "start": {
            "line": 188,
            "column": 113
          },
          "end": {
            "line": 188,
            "column": 114
          }
        },
        "loc": {
          "start": {
            "line": 188,
            "column": 118
          },
          "end": {
            "line": 188,
            "column": 119
          }
        },
        "line": 188
      },
      "18": {
        "name": "(anonymous_18)",
        "decl": {
          "start": {
            "line": 211,
            "column": 45
          },
          "end": {
            "line": 211,
            "column": 46
          }
        },
        "loc": {
          "start": {
            "line": 211,
            "column": 51
          },
          "end": {
            "line": 231,
            "column": 1
          }
        },
        "line": 211
      },
      "19": {
        "name": "(anonymous_19)",
        "decl": {
          "start": {
            "line": 212,
            "column": 19
          },
          "end": {
            "line": 212,
            "column": 20
          }
        },
        "loc": {
          "start": {
            "line": 212,
            "column": 28
          },
          "end": {
            "line": 230,
            "column": 3
          }
        },
        "line": 212
      },
      "20": {
        "name": "(anonymous_20)",
        "decl": {
          "start": {
            "line": 239,
            "column": 41
          },
          "end": {
            "line": 239,
            "column": 42
          }
        },
        "loc": {
          "start": {
            "line": 239,
            "column": 54
          },
          "end": {
            "line": 241,
            "column": 1
          }
        },
        "line": 239
      },
      "21": {
        "name": "(anonymous_21)",
        "decl": {
          "start": {
            "line": 243,
            "column": 48
          },
          "end": {
            "line": 243,
            "column": 49
          }
        },
        "loc": {
          "start": {
            "line": 243,
            "column": 64
          },
          "end": {
            "line": 245,
            "column": 1
          }
        },
        "line": 243
      },
      "22": {
        "name": "(anonymous_22)",
        "decl": {
          "start": {
            "line": 247,
            "column": 43
          },
          "end": {
            "line": 247,
            "column": 44
          }
        },
        "loc": {
          "start": {
            "line": 247,
            "column": 71
          },
          "end": {
            "line": 262,
            "column": 1
          }
        },
        "line": 247
      },
      "23": {
        "name": "(anonymous_23)",
        "decl": {
          "start": {
            "line": 248,
            "column": 28
          },
          "end": {
            "line": 248,
            "column": 29
          }
        },
        "loc": {
          "start": {
            "line": 248,
            "column": 39
          },
          "end": {
            "line": 261,
            "column": 3
          }
        },
        "line": 248
      }
    },
    "branchMap": {
      "0": {
        "loc": {
          "start": {
            "line": 32,
            "column": 52
          },
          "end": {
            "line": 32,
            "column": 61
          }
        },
        "type": "default-arg",
        "locations": [
          {
            "start": {
              "line": 32,
              "column": 59
            },
            "end": {
              "line": 32,
              "column": 61
            }
          }
        ],
        "line": 32
      },
      "1": {
        "loc": {
          "start": {
            "line": 37,
            "column": 2
          },
          "end": {
            "line": 39,
            "column": 3
          }
        },
        "type": "if",
        "locations": [
          {
            "start": {
              "line": 37,
              "column": 2
            },
            "end": {
              "line": 39,
              "column": 3
            }
          },
          {
            "start": {},
            "end": {}
          }
        ],
        "line": 37
      },
      "2": {
        "loc": {
          "start": {
            "line": 71,
            "column": 2
          },
          "end": {
            "line": 75,
            "column": 3
          }
        },
        "type": "if",
        "locations": [
          {
            "start": {
              "line": 71,
              "column": 2
            },
            "end": {
              "line": 75,
              "column": 3
            }
          },
          {
            "start": {
              "line": 73,
              "column": 9
            },
            "end": {
              "line": 75,
              "column": 3
            }
          }
        ],
        "line": 71
      },
      "3": {
        "loc": {
          "start": {
            "line": 109,
            "column": 46
          },
          "end": {
            "line": 109,
            "column": 65
          }
        },
        "type": "default-arg",
        "locations": [
          {
            "start": {
              "line": 109,
              "column": 57
            },
            "end": {
              "line": 109,
              "column": 65
            }
          }
        ],
        "line": 109
      },
      "4": {
        "loc": {
          "start": {
            "line": 113,
            "column": 2
          },
          "end": {
            "line": 117,
            "column": 3
          }
        },
        "type": "if",
        "locations": [
          {
            "start": {
              "line": 113,
              "column": 2
            },
            "end": {
              "line": 117,
              "column": 3
            }
          },
          {
            "start": {
              "line": 115,
              "column": 9
            },
            "end": {
              "line": 117,
              "column": 3
            }
          }
        ],
        "line": 113
      },
      "5": {
        "loc": {
          "start": {
            "line": 166,
            "column": 16
          },
          "end": {
            "line": 166,
            "column": 207
          }
        },
        "type": "binary-expr",
        "locations": [
          {
            "start": {
              "line": 166,
              "column": 16
            },
            "end": {
              "line": 166,
              "column": 48
            }
          },
          {
            "start": {
              "line": 166,
              "column": 52
            },
            "end": {
              "line": 166,
              "column": 207
            }
          }
        ],
        "line": 166
      },
      "6": {
        "loc": {
          "start": {
            "line": 167,
            "column": 33
          },
          "end": {
            "line": 167,
            "column": 224
          }
        },
        "type": "binary-expr",
        "locations": [
          {
            "start": {
              "line": 167,
              "column": 33
            },
            "end": {
              "line": 167,
              "column": 65
            }
          },
          {
            "start": {
              "line": 167,
              "column": 69
            },
            "end": {
              "line": 167,
              "column": 224
            }
          }
        ],
        "line": 167
      },
      "7": {
        "loc": {
          "start": {
            "line": 174,
            "column": 33
          },
          "end": {
            "line": 174,
            "column": 92
          }
        },
        "type": "binary-expr",
        "locations": [
          {
            "start": {
              "line": 174,
              "column": 33
            },
            "end": {
              "line": 174,
              "column": 84
            }
          },
          {
            "start": {
              "line": 174,
              "column": 88
            },
            "end": {
              "line": 174,
              "column": 92
            }
          }
        ],
        "line": 174
      },
      "8": {
        "loc": {
          "start": {
            "line": 178,
            "column": 6
          },
          "end": {
            "line": 181,
            "column": 7
          }
        },
        "type": "if",
        "locations": [
          {
            "start": {
              "line": 178,
              "column": 6
            },
            "end": {
              "line": 181,
              "column": 7
            }
          },
          {
            "start": {},
            "end": {}
          }
        ],
        "line": 178
      },
      "9": {
        "loc": {
          "start": {
            "line": 178,
            "column": 10
          },
          "end": {
            "line": 178,
            "column": 33
          }
        },
        "type": "binary-expr",
        "locations": [
          {
            "start": {
              "line": 178,
              "column": 10
            },
            "end": {
              "line": 178,
              "column": 17
            }
          },
          {
            "start": {
              "line": 178,
              "column": 21
            },
            "end": {
              "line": 178,
              "column": 33
            }
          }
        ],
        "line": 178
      },
      "10": {
        "loc": {
          "start": {
            "line": 186,
            "column": 15
          },
          "end": {
            "line": 186,
            "column": 39
          }
        },
        "type": "binary-expr",
        "locations": [
          {
            "start": {
              "line": 186,
              "column": 15
            },
            "end": {
              "line": 186,
              "column": 25
            }
          },
          {
            "start": {
              "line": 186,
              "column": 29
            },
            "end": {
              "line": 186,
              "column": 39
            }
          }
        ],
        "line": 186
      },
      "11": {
        "loc": {
          "start": {
            "line": 187,
            "column": 21
          },
          "end": {
            "line": 187,
            "column": 39
          }
        },
        "type": "binary-expr",
        "locations": [
          {
            "start": {
              "line": 187,
              "column": 21
            },
            "end": {
              "line": 187,
              "column": 33
            }
          },
          {
            "start": {
              "line": 187,
              "column": 37
            },
            "end": {
              "line": 187,
              "column": 39
            }
          }
        ],
        "line": 187
      },
      "12": {
        "loc": {
          "start": {
            "line": 188,
            "column": 14
          },
          "end": {
            "line": 188,
            "column": 126
          }
        },
        "type": "cond-expr",
        "locations": [
          {
            "start": {
              "line": 188,
              "column": 41
            },
            "end": {
              "line": 188,
              "column": 50
            }
          },
          {
            "start": {
              "line": 188,
              "column": 54
            },
            "end": {
              "line": 188,
              "column": 125
            }
          }
        ],
        "line": 188
      },
      "13": {
        "loc": {
          "start": {
            "line": 188,
            "column": 54
          },
          "end": {
            "line": 188,
            "column": 125
          }
        },
        "type": "cond-expr",
        "locations": [
          {
            "start": {
              "line": 188,
              "column": 66
            },
            "end": {
              "line": 188,
              "column": 120
            }
          },
          {
            "start": {
              "line": 188,
              "column": 123
            },
            "end": {
              "line": 188,
              "column": 125
            }
          }
        ],
        "line": 188
      },
      "14": {
        "loc": {
          "start": {
            "line": 197,
            "column": 20
          },
          "end": {
            "line": 197,
            "column": 211
          }
        },
        "type": "binary-expr",
        "locations": [
          {
            "start": {
              "line": 197,
              "column": 20
            },
            "end": {
              "line": 197,
              "column": 52
            }
          },
          {
            "start": {
              "line": 197,
              "column": 56
            },
            "end": {
              "line": 197,
              "column": 211
            }
          }
        ],
        "line": 197
      },
      "15": {
        "loc": {
          "start": {
            "line": 213,
            "column": 31
          },
          "end": {
            "line": 213,
            "column": 90
          }
        },
        "type": "binary-expr",
        "locations": [
          {
            "start": {
              "line": 213,
              "column": 31
            },
            "end": {
              "line": 213,
              "column": 82
            }
          },
          {
            "start": {
              "line": 213,
              "column": 86
            },
            "end": {
              "line": 213,
              "column": 90
            }
          }
        ],
        "line": 213
      },
      "16": {
        "loc": {
          "start": {
            "line": 217,
            "column": 4
          },
          "end": {
            "line": 220,
            "column": 5
          }
        },
        "type": "if",
        "locations": [
          {
            "start": {
              "line": 217,
              "column": 4
            },
            "end": {
              "line": 220,
              "column": 5
            }
          },
          {
            "start": {},
            "end": {}
          }
        ],
        "line": 217
      },
      "17": {
        "loc": {
          "start": {
            "line": 217,
            "column": 8
          },
          "end": {
            "line": 217,
            "column": 31
          }
        },
        "type": "binary-expr",
        "locations": [
          {
            "start": {
              "line": 217,
              "column": 8
            },
            "end": {
              "line": 217,
              "column": 15
            }
          },
          {
            "start": {
              "line": 217,
              "column": 19
            },
            "end": {
              "line": 217,
              "column": 31
            }
          }
        ],
        "line": 217
      },
      "18": {
        "loc": {
          "start": {
            "line": 226,
            "column": 18
          },
          "end": {
            "line": 226,
            "column": 209
          }
        },
        "type": "binary-expr",
        "locations": [
          {
            "start": {
              "line": 226,
              "column": 18
            },
            "end": {
              "line": 226,
              "column": 50
            }
          },
          {
            "start": {
              "line": 226,
              "column": 54
            },
            "end": {
              "line": 226,
              "column": 209
            }
          }
        ],
        "line": 226
      },
      "19": {
        "loc": {
          "start": {
            "line": 253,
            "column": 4
          },
          "end": {
            "line": 260,
            "column": 5
          }
        },
        "type": "if",
        "locations": [
          {
            "start": {
              "line": 253,
              "column": 4
            },
            "end": {
              "line": 260,
              "column": 5
            }
          },
          {
            "start": {},
            "end": {}
          }
        ],
        "line": 253
      },
      "20": {
        "loc": {
          "start": {
            "line": 253,
            "column": 8
          },
          "end": {
            "line": 253,
            "column": 56
          }
        },
        "type": "binary-expr",
        "locations": [
          {
            "start": {
              "line": 253,
              "column": 8
            },
            "end": {
              "line": 253,
              "column": 16
            }
          },
          {
            "start": {
              "line": 253,
              "column": 20
            },
            "end": {
              "line": 253,
              "column": 56
            }
          }
        ],
        "line": 253
      }
    },
    "s": {
      "0": 161,
      "1": 0,
      "2": 0,
      "3": 0,
      "4": 161,
      "5": 0,
      "6": 0,
      "7": 0,
      "8": 0,
      "9": 0,
      "10": 0,
      "11": 0,
      "12": 0,
      "13": 161,
      "14": 0,
      "15": 0,
      "16": 0,
      "17": 0,
      "18": 161,
      "19": 0,
      "20": 161,
      "21": 0,
      "22": 0,
      "23": 0,
      "24": 0,
      "25": 161,
      "26": 0,
      "27": 0,
      "28": 161,
      "29": 0,
      "30": 0,
      "31": 161,
      "32": 0,
      "33": 0,
      "34": 161,
      "35": 0,
      "36": 0,
      "37": 0,
      "38": 0,
      "39": 0,
      "40": 0,
      "41": 0,
      "42": 0,
      "43": 161,
      "44": 0,
      "45": 161,
      "46": 0,
      "47": 161,
      "48": 0,
      "49": 161,
      "50": 0,
      "51": 0,
      "52": 0,
      "53": 0,
      "54": 0,
      "55": 0,
      "56": 0,
      "57": 0,
      "58": 0,
      "59": 0,
      "60": 0,
      "61": 0,
      "62": 0,
      "63": 161,
      "64": 0,
      "65": 0,
      "66": 0,
      "67": 0,
      "68": 0,
      "69": 0,
      "70": 0,
      "71": 0,
      "72": 161,
      "73": 161,
      "74": 0,
      "75": 161,
      "76": 0,
      "77": 161,
      "78": 0,
      "79": 0,
      "80": 0,
      "81": 0,
      "82": 0,
      "83": 0,
      "84": 0,
      "85": 0,
      "86": 0,
      "87": 0
    },
    "f": {
      "0": 0,
      "1": 0,
      "2": 0,
      "3": 0,
      "4": 0,
      "5": 0,
      "6": 0,
      "7": 0,
      "8": 0,
      "9": 0,
      "10": 0,
      "11": 0,
      "12": 0,
      "13": 0,
      "14": 0,
      "15": 0,
      "16": 0,
      "17": 0,
      "18": 0,
      "19": 0,
      "20": 0,
      "21": 0,
      "22": 0,
      "23": 0
    },
    "b": {
      "0": [
        0
      ],
      "1": [
        0,
        0
      ],
      "2": [
        0,
        0
      ],
      "3": [
        0
      ],
      "4": [
        0,
        0
      ],
      "5": [
        0,
        0
      ],
      "6": [
        0,
        0
      ],
      "7": [
        0,
        0
      ],
      "8": [
        0,
        0
      ],
      "9": [
        0,
        0
      ],
      "10": [
        0,
        0
      ],
      "11": [
        0,
        0
      ],
      "12": [
        0,
        0
      ],
      "13": [
        0,
        0
      ],
      "14": [
        0,
        0
      ],
      "15": [
        0,
        0
      ],
      "16": [
        0,
        0
      ],
      "17": [
        0,
        0
      ],
      "18": [
        0,
        0
      ],
      "19": [
        0,
        0
      ],
      "20": [
        0,
        0
      ]
    },
    "_coverageSchema": "1a1c01bbd47fc00a2c39e90264f33305004495a9",
    "hash": "64b03ad86ad8b8e08019f5d4667a83f0308bf9a0"
  },
  "C:\\Projects\\EverFreeNote\\cypress\\support\\component-utils.js": {
    "path": "C:\\Projects\\EverFreeNote\\cypress\\support\\component-utils.js",
    "statementMap": {
      "0": {
        "start": {
          "line": 9,
          "column": 0
        },
        "end": {
          "line": 34,
          "column": 2
        }
      },
      "1": {
        "start": {
          "line": 15,
          "column": 6
        },
        "end": {
          "line": 15,
          "column": 13
        }
      },
      "2": {
        "start": {
          "line": 18,
          "column": 2
        },
        "end": {
          "line": 20,
          "column": 3
        }
      },
      "3": {
        "start": {
          "line": 19,
          "column": 4
        },
        "end": {
          "line": 19,
          "column": 24
        }
      },
      "4": {
        "start": {
          "line": 23,
          "column": 2
        },
        "end": {
          "line": 25,
          "column": 3
        }
      },
      "5": {
        "start": {
          "line": 24,
          "column": 4
        },
        "end": {
          "line": 24,
          "column": 29
        }
      },
      "6": {
        "start": {
          "line": 28,
          "column": 25
        },
        "end": {
          "line": 28,
          "column": 34
        }
      },
      "7": {
        "start": {
          "line": 29,
          "column": 2
        },
        "end": {
          "line": 31,
          "column": 4
        }
      },
      "8": {
        "start": {
          "line": 30,
          "column": 4
        },
        "end": {
          "line": 30,
          "column": 49
        }
      },
      "9": {
        "start": {
          "line": 33,
          "column": 2
        },
        "end": {
          "line": 33,
          "column": 49
        }
      },
      "10": {
        "start": {
          "line": 37,
          "column": 0
        },
        "end": {
          "line": 41,
          "column": 2
        }
      },
      "11": {
        "start": {
          "line": 38,
          "column": 2
        },
        "end": {
          "line": 40,
          "column": 4
        }
      },
      "12": {
        "start": {
          "line": 39,
          "column": 4
        },
        "end": {
          "line": 39,
          "column": 35
        }
      },
      "13": {
        "start": {
          "line": 44,
          "column": 0
        },
        "end": {
          "line": 64,
          "column": 2
        }
      },
      "14": {
        "start": {
          "line": 45,
          "column": 70
        },
        "end": {
          "line": 45,
          "column": 76
        }
      },
      "15": {
        "start": {
          "line": 47,
          "column": 2
        },
        "end": {
          "line": 63,
          "column": 4
        }
      },
      "16": {
        "start": {
          "line": 48,
          "column": 4
        },
        "end": {
          "line": 50,
          "column": 5
        }
      },
      "17": {
        "start": {
          "line": 49,
          "column": 6
        },
        "end": {
          "line": 49,
          "column": 23
        }
      },
      "18": {
        "start": {
          "line": 52,
          "column": 4
        },
        "end": {
          "line": 62,
          "column": 5
        }
      },
      "19": {
        "start": {
          "line": 53,
          "column": 6
        },
        "end": {
          "line": 53,
          "column": 71
        }
      },
      "20": {
        "start": {
          "line": 55,
          "column": 19
        },
        "end": {
          "line": 55,
          "column": 28
        }
      },
      "21": {
        "start": {
          "line": 56,
          "column": 6
        },
        "end": {
          "line": 60,
          "column": 7
        }
      },
      "22": {
        "start": {
          "line": 57,
          "column": 8
        },
        "end": {
          "line": 57,
          "column": 44
        }
      },
      "23": {
        "start": {
          "line": 59,
          "column": 8
        },
        "end": {
          "line": 59,
          "column": 31
        }
      },
      "24": {
        "start": {
          "line": 61,
          "column": 6
        },
        "end": {
          "line": 61,
          "column": 33
        }
      },
      "25": {
        "start": {
          "line": 67,
          "column": 0
        },
        "end": {
          "line": 71,
          "column": 2
        }
      },
      "26": {
        "start": {
          "line": 68,
          "column": 2
        },
        "end": {
          "line": 70,
          "column": 4
        }
      },
      "27": {
        "start": {
          "line": 69,
          "column": 4
        },
        "end": {
          "line": 69,
          "column": 29
        }
      },
      "28": {
        "start": {
          "line": 74,
          "column": 0
        },
        "end": {
          "line": 78,
          "column": 2
        }
      },
      "29": {
        "start": {
          "line": 75,
          "column": 30
        },
        "end": {
          "line": 75,
          "column": 37
        }
      },
      "30": {
        "start": {
          "line": 77,
          "column": 2
        },
        "end": {
          "line": 77,
          "column": 52
        }
      },
      "31": {
        "start": {
          "line": 83,
          "column": 0
        },
        "end": {
          "line": 85,
          "column": 2
        }
      },
      "32": {
        "start": {
          "line": 84,
          "column": 2
        },
        "end": {
          "line": 84,
          "column": 73
        }
      },
      "33": {
        "start": {
          "line": 88,
          "column": 0
        },
        "end": {
          "line": 101,
          "column": 2
        }
      },
      "34": {
        "start": {
          "line": 89,
          "column": 17
        },
        "end": {
          "line": 94,
          "column": 3
        }
      },
      "35": {
        "start": {
          "line": 90,
          "column": 19
        },
        "end": {
          "line": 90,
          "column": 61
        }
      },
      "36": {
        "start": {
          "line": 91,
          "column": 20
        },
        "end": {
          "line": 91,
          "column": 58
        }
      },
      "37": {
        "start": {
          "line": 92,
          "column": 19
        },
        "end": {
          "line": 92,
          "column": 83
        }
      },
      "38": {
        "start": {
          "line": 93,
          "column": 19
        },
        "end": {
          "line": 93,
          "column": 56
        }
      },
      "39": {
        "start": {
          "line": 96,
          "column": 2
        },
        "end": {
          "line": 100,
          "column": 3
        }
      },
      "40": {
        "start": {
          "line": 97,
          "column": 4
        },
        "end": {
          "line": 97,
          "column": 19
        }
      },
      "41": {
        "start": {
          "line": 99,
          "column": 4
        },
        "end": {
          "line": 99,
          "column": 53
        }
      },
      "42": {
        "start": {
          "line": 104,
          "column": 0
        },
        "end": {
          "line": 106,
          "column": 2
        }
      },
      "43": {
        "start": {
          "line": 105,
          "column": 2
        },
        "end": {
          "line": 105,
          "column": 46
        }
      },
      "44": {
        "start": {
          "line": 109,
          "column": 0
        },
        "end": {
          "line": 111,
          "column": 2
        }
      },
      "45": {
        "start": {
          "line": 110,
          "column": 2
        },
        "end": {
          "line": 110,
          "column": 39
        }
      },
      "46": {
        "start": {
          "line": 113,
          "column": 0
        },
        "end": {
          "line": 115,
          "column": 2
        }
      },
      "47": {
        "start": {
          "line": 114,
          "column": 2
        },
        "end": {
          "line": 114,
          "column": 43
        }
      },
      "48": {
        "start": {
          "line": 118,
          "column": 0
        },
        "end": {
          "line": 120,
          "column": 2
        }
      },
      "49": {
        "start": {
          "line": 119,
          "column": 2
        },
        "end": {
          "line": 119,
          "column": 82
        }
      },
      "50": {
        "start": {
          "line": 123,
          "column": 0
        },
        "end": {
          "line": 125,
          "column": 2
        }
      },
      "51": {
        "start": {
          "line": 124,
          "column": 2
        },
        "end": {
          "line": 124,
          "column": 39
        }
      },
      "52": {
        "start": {
          "line": 127,
          "column": 0
        },
        "end": {
          "line": 129,
          "column": 2
        }
      },
      "53": {
        "start": {
          "line": 128,
          "column": 2
        },
        "end": {
          "line": 128,
          "column": 43
        }
      },
      "54": {
        "start": {
          "line": 134,
          "column": 0
        },
        "end": {
          "line": 144,
          "column": 2
        }
      },
      "55": {
        "start": {
          "line": 135,
          "column": 60
        },
        "end": {
          "line": 135,
          "column": 67
        }
      },
      "56": {
        "start": {
          "line": 137,
          "column": 2
        },
        "end": {
          "line": 137,
          "column": 52
        }
      },
      "57": {
        "start": {
          "line": 139,
          "column": 2
        },
        "end": {
          "line": 141,
          "column": 3
        }
      },
      "58": {
        "start": {
          "line": 140,
          "column": 4
        },
        "end": {
          "line": 140,
          "column": 29
        }
      },
      "59": {
        "start": {
          "line": 143,
          "column": 2
        },
        "end": {
          "line": 143,
          "column": 33
        }
      },
      "60": {
        "start": {
          "line": 147,
          "column": 0
        },
        "end": {
          "line": 157,
          "column": 2
        }
      },
      "61": {
        "start": {
          "line": 148,
          "column": 28
        },
        "end": {
          "line": 148,
          "column": 35
        }
      },
      "62": {
        "start": {
          "line": 150,
          "column": 2
        },
        "end": {
          "line": 150,
          "column": 44
        }
      },
      "63": {
        "start": {
          "line": 152,
          "column": 2
        },
        "end": {
          "line": 156,
          "column": 3
        }
      },
      "64": {
        "start": {
          "line": 153,
          "column": 4
        },
        "end": {
          "line": 153,
          "column": 37
        }
      },
      "65": {
        "start": {
          "line": 155,
          "column": 4
        },
        "end": {
          "line": 155,
          "column": 28
        }
      },
      "66": {
        "start": {
          "line": 160,
          "column": 0
        },
        "end": {
          "line": 162,
          "column": 2
        }
      },
      "67": {
        "start": {
          "line": 161,
          "column": 2
        },
        "end": {
          "line": 161,
          "column": 18
        }
      },
      "68": {
        "start": {
          "line": 167,
          "column": 0
        },
        "end": {
          "line": 175,
          "column": 2
        }
      },
      "69": {
        "start": {
          "line": 168,
          "column": 2
        },
        "end": {
          "line": 174,
          "column": 3
        }
      },
      "70": {
        "start": {
          "line": 178,
          "column": 0
        },
        "end": {
          "line": 188,
          "column": 2
        }
      },
      "71": {
        "start": {
          "line": 179,
          "column": 2
        },
        "end": {
          "line": 187,
          "column": 3
        }
      },
      "72": {
        "start": {
          "line": 193,
          "column": 0
        },
        "end": {
          "line": 204,
          "column": 2
        }
      },
      "73": {
        "start": {
          "line": 194,
          "column": 24
        },
        "end": {
          "line": 199,
          "column": 3
        }
      },
      "74": {
        "start": {
          "line": 201,
          "column": 2
        },
        "end": {
          "line": 203,
          "column": 3
        }
      },
      "75": {
        "start": {
          "line": 202,
          "column": 4
        },
        "end": {
          "line": 202,
          "column": 41
        }
      },
      "76": {
        "start": {
          "line": 207,
          "column": 0
        },
        "end": {
          "line": 212,
          "column": 2
        }
      },
      "77": {
        "start": {
          "line": 208,
          "column": 67
        },
        "end": {
          "line": 208,
          "column": 78
        }
      },
      "78": {
        "start": {
          "line": 210,
          "column": 2
        },
        "end": {
          "line": 210,
          "column": 47
        }
      },
      "79": {
        "start": {
          "line": 211,
          "column": 2
        },
        "end": {
          "line": 211,
          "column": 53
        }
      },
      "80": {
        "start": {
          "line": 214,
          "column": 0
        },
        "end": {
          "line": 216,
          "column": 2
        }
      },
      "81": {
        "start": {
          "line": 215,
          "column": 2
        },
        "end": {
          "line": 215,
          "column": 45
        }
      },
      "82": {
        "start": {
          "line": 219,
          "column": 30
        },
        "end": {
          "line": 249,
          "column": 1
        }
      },
      "83": {
        "start": {
          "line": 220,
          "column": 46
        },
        "end": {
          "line": 220,
          "column": 87
        }
      },
      "84": {
        "start": {
          "line": 221,
          "column": 25
        },
        "end": {
          "line": 221,
          "column": 45
        }
      },
      "85": {
        "start": {
          "line": 222,
          "column": 36
        },
        "end": {
          "line": 222,
          "column": 67
        }
      },
      "86": {
        "start": {
          "line": 223,
          "column": 30
        },
        "end": {
          "line": 223,
          "column": 55
        }
      },
      "87": {
        "start": {
          "line": 224,
          "column": 43
        },
        "end": {
          "line": 224,
          "column": 81
        }
      },
      "88": {
        "start": {
          "line": 227,
          "column": 41
        },
        "end": {
          "line": 227,
          "column": 77
        }
      },
      "89": {
        "start": {
          "line": 228,
          "column": 46
        },
        "end": {
          "line": 228,
          "column": 87
        }
      },
      "90": {
        "start": {
          "line": 229,
          "column": 45
        },
        "end": {
          "line": 229,
          "column": 85
        }
      },
      "91": {
        "start": {
          "line": 230,
          "column": 33
        },
        "end": {
          "line": 230,
          "column": 61
        }
      },
      "92": {
        "start": {
          "line": 231,
          "column": 36
        },
        "end": {
          "line": 231,
          "column": 67
        }
      },
      "93": {
        "start": {
          "line": 232,
          "column": 32
        },
        "end": {
          "line": 232,
          "column": 59
        }
      },
      "94": {
        "start": {
          "line": 233,
          "column": 35
        },
        "end": {
          "line": 233,
          "column": 65
        }
      },
      "95": {
        "start": {
          "line": 234,
          "column": 35
        },
        "end": {
          "line": 234,
          "column": 65
        }
      },
      "96": {
        "start": {
          "line": 237,
          "column": 38
        },
        "end": {
          "line": 237,
          "column": 71
        }
      },
      "97": {
        "start": {
          "line": 238,
          "column": 38
        },
        "end": {
          "line": 238,
          "column": 71
        }
      },
      "98": {
        "start": {
          "line": 239,
          "column": 29
        },
        "end": {
          "line": 239,
          "column": 53
        }
      },
      "99": {
        "start": {
          "line": 242,
          "column": 35
        },
        "end": {
          "line": 242,
          "column": 65
        }
      },
      "100": {
        "start": {
          "line": 243,
          "column": 35
        },
        "end": {
          "line": 243,
          "column": 65
        }
      },
      "101": {
        "start": {
          "line": 246,
          "column": 34
        },
        "end": {
          "line": 246,
          "column": 63
        }
      },
      "102": {
        "start": {
          "line": 247,
          "column": 33
        },
        "end": {
          "line": 247,
          "column": 61
        }
      },
      "103": {
        "start": {
          "line": 248,
          "column": 24
        },
        "end": {
          "line": 248,
          "column": 43
        }
      }
    },
    "fnMap": {
      "0": {
        "name": "(anonymous_0)",
        "decl": {
          "start": {
            "line": 9,
            "column": 43
          },
          "end": {
            "line": 9,
            "column": 44
          }
        },
        "loc": {
          "start": {
            "line": 9,
            "column": 72
          },
          "end": {
            "line": 34,
            "column": 1
          }
        },
        "line": 9
      },
      "1": {
        "name": "(anonymous_1)",
        "decl": {
          "start": {
            "line": 29,
            "column": 20
          },
          "end": {
            "line": 29,
            "column": 21
          }
        },
        "loc": {
          "start": {
            "line": 29,
            "column": 32
          },
          "end": {
            "line": 31,
            "column": 3
          }
        },
        "line": 29
      },
      "2": {
        "name": "(anonymous_2)",
        "decl": {
          "start": {
            "line": 37,
            "column": 35
          },
          "end": {
            "line": 37,
            "column": 36
          }
        },
        "loc": {
          "start": {
            "line": 37,
            "column": 46
          },
          "end": {
            "line": 41,
            "column": 1
          }
        },
        "line": 37
      },
      "3": {
        "name": "(anonymous_3)",
        "decl": {
          "start": {
            "line": 38,
            "column": 32
          },
          "end": {
            "line": 38,
            "column": 33
          }
        },
        "loc": {
          "start": {
            "line": 38,
            "column": 55
          },
          "end": {
            "line": 40,
            "column": 3
          }
        },
        "line": 38
      },
      "4": {
        "name": "(anonymous_4)",
        "decl": {
          "start": {
            "line": 44,
            "column": 36
          },
          "end": {
            "line": 44,
            "column": 37
          }
        },
        "loc": {
          "start": {
            "line": 44,
            "column": 57
          },
          "end": {
            "line": 64,
            "column": 1
          }
        },
        "line": 44
      },
      "5": {
        "name": "(anonymous_5)",
        "decl": {
          "start": {
            "line": 47,
            "column": 19
          },
          "end": {
            "line": 47,
            "column": 20
          }
        },
        "loc": {
          "start": {
            "line": 47,
            "column": 28
          },
          "end": {
            "line": 63,
            "column": 3
          }
        },
        "line": 47
      },
      "6": {
        "name": "(anonymous_6)",
        "decl": {
          "start": {
            "line": 67,
            "column": 37
          },
          "end": {
            "line": 67,
            "column": 38
          }
        },
        "loc": {
          "start": {
            "line": 67,
            "column": 51
          },
          "end": {
            "line": 71,
            "column": 1
          }
        },
        "line": 67
      },
      "7": {
        "name": "(anonymous_7)",
        "decl": {
          "start": {
            "line": 68,
            "column": 35
          },
          "end": {
            "line": 68,
            "column": 36
          }
        },
        "loc": {
          "start": {
            "line": 68,
            "column": 53
          },
          "end": {
            "line": 70,
            "column": 3
          }
        },
        "line": 68
      },
      "8": {
        "name": "(anonymous_8)",
        "decl": {
          "start": {
            "line": 74,
            "column": 41
          },
          "end": {
            "line": 74,
            "column": 42
          }
        },
        "loc": {
          "start": {
            "line": 74,
            "column": 69
          },
          "end": {
            "line": 78,
            "column": 1
          }
        },
        "line": 74
      },
      "9": {
        "name": "(anonymous_9)",
        "decl": {
          "start": {
            "line": 83,
            "column": 48
          },
          "end": {
            "line": 83,
            "column": 49
          }
        },
        "loc": {
          "start": {
            "line": 83,
            "column": 69
          },
          "end": {
            "line": 85,
            "column": 1
          }
        },
        "line": 83
      },
      "10": {
        "name": "(anonymous_10)",
        "decl": {
          "start": {
            "line": 88,
            "column": 46
          },
          "end": {
            "line": 88,
            "column": 47
          }
        },
        "loc": {
          "start": {
            "line": 88,
            "column": 67
          },
          "end": {
            "line": 101,
            "column": 1
          }
        },
        "line": 88
      },
      "11": {
        "name": "(anonymous_11)",
        "decl": {
          "start": {
            "line": 90,
            "column": 13
          },
          "end": {
            "line": 90,
            "column": 14
          }
        },
        "loc": {
          "start": {
            "line": 90,
            "column": 19
          },
          "end": {
            "line": 90,
            "column": 61
          }
        },
        "line": 90
      },
      "12": {
        "name": "(anonymous_12)",
        "decl": {
          "start": {
            "line": 91,
            "column": 14
          },
          "end": {
            "line": 91,
            "column": 15
          }
        },
        "loc": {
          "start": {
            "line": 91,
            "column": 20
          },
          "end": {
            "line": 91,
            "column": 58
          }
        },
        "line": 91
      },
      "13": {
        "name": "(anonymous_13)",
        "decl": {
          "start": {
            "line": 92,
            "column": 13
          },
          "end": {
            "line": 92,
            "column": 14
          }
        },
        "loc": {
          "start": {
            "line": 92,
            "column": 19
          },
          "end": {
            "line": 92,
            "column": 83
          }
        },
        "line": 92
      },
      "14": {
        "name": "(anonymous_14)",
        "decl": {
          "start": {
            "line": 93,
            "column": 13
          },
          "end": {
            "line": 93,
            "column": 14
          }
        },
        "loc": {
          "start": {
            "line": 93,
            "column": 19
          },
          "end": {
            "line": 93,
            "column": 56
          }
        },
        "line": 93
      },
      "15": {
        "name": "(anonymous_15)",
        "decl": {
          "start": {
            "line": 104,
            "column": 45
          },
          "end": {
            "line": 104,
            "column": 46
          }
        },
        "loc": {
          "start": {
            "line": 104,
            "column": 66
          },
          "end": {
            "line": 106,
            "column": 1
          }
        },
        "line": 104
      },
      "16": {
        "name": "(anonymous_16)",
        "decl": {
          "start": {
            "line": 109,
            "column": 40
          },
          "end": {
            "line": 109,
            "column": 41
          }
        },
        "loc": {
          "start": {
            "line": 109,
            "column": 54
          },
          "end": {
            "line": 111,
            "column": 1
          }
        },
        "line": 109
      },
      "17": {
        "name": "(anonymous_17)",
        "decl": {
          "start": {
            "line": 113,
            "column": 43
          },
          "end": {
            "line": 113,
            "column": 44
          }
        },
        "loc": {
          "start": {
            "line": 113,
            "column": 57
          },
          "end": {
            "line": 115,
            "column": 1
          }
        },
        "line": 113
      },
      "18": {
        "name": "(anonymous_18)",
        "decl": {
          "start": {
            "line": 118,
            "column": 40
          },
          "end": {
            "line": 118,
            "column": 41
          }
        },
        "loc": {
          "start": {
            "line": 118,
            "column": 53
          },
          "end": {
            "line": 120,
            "column": 1
          }
        },
        "line": 118
      },
      "19": {
        "name": "(anonymous_19)",
        "decl": {
          "start": {
            "line": 123,
            "column": 42
          },
          "end": {
            "line": 123,
            "column": 43
          }
        },
        "loc": {
          "start": {
            "line": 123,
            "column": 80
          },
          "end": {
            "line": 125,
            "column": 1
          }
        },
        "line": 123
      },
      "20": {
        "name": "(anonymous_20)",
        "decl": {
          "start": {
            "line": 127,
            "column": 42
          },
          "end": {
            "line": 127,
            "column": 43
          }
        },
        "loc": {
          "start": {
            "line": 127,
            "column": 80
          },
          "end": {
            "line": 129,
            "column": 1
          }
        },
        "line": 127
      },
      "21": {
        "name": "(anonymous_21)",
        "decl": {
          "start": {
            "line": 134,
            "column": 37
          },
          "end": {
            "line": 134,
            "column": 38
          }
        },
        "loc": {
          "start": {
            "line": 134,
            "column": 64
          },
          "end": {
            "line": 144,
            "column": 1
          }
        },
        "line": 134
      },
      "22": {
        "name": "(anonymous_22)",
        "decl": {
          "start": {
            "line": 147,
            "column": 36
          },
          "end": {
            "line": 147,
            "column": 37
          }
        },
        "loc": {
          "start": {
            "line": 147,
            "column": 64
          },
          "end": {
            "line": 157,
            "column": 1
          }
        },
        "line": 147
      },
      "23": {
        "name": "(anonymous_23)",
        "decl": {
          "start": {
            "line": 160,
            "column": 37
          },
          "end": {
            "line": 160,
            "column": 38
          }
        },
        "loc": {
          "start": {
            "line": 160,
            "column": 57
          },
          "end": {
            "line": 162,
            "column": 1
          }
        },
        "line": 160
      },
      "24": {
        "name": "(anonymous_24)",
        "decl": {
          "start": {
            "line": 167,
            "column": 41
          },
          "end": {
            "line": 167,
            "column": 42
          }
        },
        "loc": {
          "start": {
            "line": 167,
            "column": 61
          },
          "end": {
            "line": 175,
            "column": 1
          }
        },
        "line": 167
      },
      "25": {
        "name": "(anonymous_25)",
        "decl": {
          "start": {
            "line": 178,
            "column": 41
          },
          "end": {
            "line": 178,
            "column": 42
          }
        },
        "loc": {
          "start": {
            "line": 178,
            "column": 61
          },
          "end": {
            "line": 188,
            "column": 1
          }
        },
        "line": 178
      },
      "26": {
        "name": "(anonymous_26)",
        "decl": {
          "start": {
            "line": 193,
            "column": 43
          },
          "end": {
            "line": 193,
            "column": 44
          }
        },
        "loc": {
          "start": {
            "line": 193,
            "column": 55
          },
          "end": {
            "line": 204,
            "column": 1
          }
        },
        "line": 193
      },
      "27": {
        "name": "(anonymous_27)",
        "decl": {
          "start": {
            "line": 207,
            "column": 37
          },
          "end": {
            "line": 207,
            "column": 38
          }
        },
        "loc": {
          "start": {
            "line": 207,
            "column": 54
          },
          "end": {
            "line": 212,
            "column": 1
          }
        },
        "line": 207
      },
      "28": {
        "name": "(anonymous_28)",
        "decl": {
          "start": {
            "line": 214,
            "column": 39
          },
          "end": {
            "line": 214,
            "column": 40
          }
        },
        "loc": {
          "start": {
            "line": 214,
            "column": 45
          },
          "end": {
            "line": 216,
            "column": 1
          }
        },
        "line": 214
      },
      "29": {
        "name": "(anonymous_29)",
        "decl": {
          "start": {
            "line": 220,
            "column": 22
          },
          "end": {
            "line": 220,
            "column": 23
          }
        },
        "loc": {
          "start": {
            "line": 220,
            "column": 46
          },
          "end": {
            "line": 220,
            "column": 87
          }
        },
        "line": 220
      },
      "30": {
        "name": "(anonymous_30)",
        "decl": {
          "start": {
            "line": 221,
            "column": 14
          },
          "end": {
            "line": 221,
            "column": 15
          }
        },
        "loc": {
          "start": {
            "line": 221,
            "column": 25
          },
          "end": {
            "line": 221,
            "column": 45
          }
        },
        "line": 221
      },
      "31": {
        "name": "(anonymous_31)",
        "decl": {
          "start": {
            "line": 222,
            "column": 15
          },
          "end": {
            "line": 222,
            "column": 16
          }
        },
        "loc": {
          "start": {
            "line": 222,
            "column": 36
          },
          "end": {
            "line": 222,
            "column": 67
          }
        },
        "line": 222
      },
      "32": {
        "name": "(anonymous_32)",
        "decl": {
          "start": {
            "line": 223,
            "column": 16
          },
          "end": {
            "line": 223,
            "column": 17
          }
        },
        "loc": {
          "start": {
            "line": 223,
            "column": 30
          },
          "end": {
            "line": 223,
            "column": 55
          }
        },
        "line": 223
      },
      "33": {
        "name": "(anonymous_33)",
        "decl": {
          "start": {
            "line": 224,
            "column": 20
          },
          "end": {
            "line": 224,
            "column": 21
          }
        },
        "loc": {
          "start": {
            "line": 224,
            "column": 43
          },
          "end": {
            "line": 224,
            "column": 81
          }
        },
        "line": 224
      },
      "34": {
        "name": "(anonymous_34)",
        "decl": {
          "start": {
            "line": 227,
            "column": 27
          },
          "end": {
            "line": 227,
            "column": 28
          }
        },
        "loc": {
          "start": {
            "line": 227,
            "column": 41
          },
          "end": {
            "line": 227,
            "column": 77
          }
        },
        "line": 227
      },
      "35": {
        "name": "(anonymous_35)",
        "decl": {
          "start": {
            "line": 228,
            "column": 25
          },
          "end": {
            "line": 228,
            "column": 26
          }
        },
        "loc": {
          "start": {
            "line": 228,
            "column": 46
          },
          "end": {
            "line": 228,
            "column": 87
          }
        },
        "line": 228
      },
      "36": {
        "name": "(anonymous_36)",
        "decl": {
          "start": {
            "line": 229,
            "column": 24
          },
          "end": {
            "line": 229,
            "column": 25
          }
        },
        "loc": {
          "start": {
            "line": 229,
            "column": 45
          },
          "end": {
            "line": 229,
            "column": 85
          }
        },
        "line": 229
      },
      "37": {
        "name": "(anonymous_37)",
        "decl": {
          "start": {
            "line": 230,
            "column": 19
          },
          "end": {
            "line": 230,
            "column": 20
          }
        },
        "loc": {
          "start": {
            "line": 230,
            "column": 33
          },
          "end": {
            "line": 230,
            "column": 61
          }
        },
        "line": 230
      },
      "38": {
        "name": "(anonymous_38)",
        "decl": {
          "start": {
            "line": 231,
            "column": 22
          },
          "end": {
            "line": 231,
            "column": 23
          }
        },
        "loc": {
          "start": {
            "line": 231,
            "column": 36
          },
          "end": {
            "line": 231,
            "column": 67
          }
        },
        "line": 231
      },
      "39": {
        "name": "(anonymous_39)",
        "decl": {
          "start": {
            "line": 232,
            "column": 19
          },
          "end": {
            "line": 232,
            "column": 20
          }
        },
        "loc": {
          "start": {
            "line": 232,
            "column": 32
          },
          "end": {
            "line": 232,
            "column": 59
          }
        },
        "line": 232
      },
      "40": {
        "name": "(anonymous_40)",
        "decl": {
          "start": {
            "line": 233,
            "column": 21
          },
          "end": {
            "line": 233,
            "column": 22
          }
        },
        "loc": {
          "start": {
            "line": 233,
            "column": 35
          },
          "end": {
            "line": 233,
            "column": 65
          }
        },
        "line": 233
      },
      "41": {
        "name": "(anonymous_41)",
        "decl": {
          "start": {
            "line": 234,
            "column": 21
          },
          "end": {
            "line": 234,
            "column": 22
          }
        },
        "loc": {
          "start": {
            "line": 234,
[...]
          "start": {
            "line": 16,
            "column": 47
          },
          "end": {
            "line": 35,
            "column": 3
          }
        },
        "line": 16
      },
      "3": {
        "name": "(anonymous_3)",
        "decl": {
          "start": {
            "line": 17,
            "column": 26
          },
          "end": {
            "line": 17,
            "column": 27
          }
        },
        "loc": {
          "start": {
            "line": 17,
            "column": 32
          },
          "end": {
            "line": 25,
            "column": 5
          }
        },
        "line": 17
      },
      "4": {
        "name": "(anonymous_4)",
        "decl": {
          "start": {
            "line": 20,
            "column": 17
          },
          "end": {
            "line": 20,
            "column": 18
          }
        },
        "loc": {
          "start": {
            "line": 20,
            "column": 23
          },
          "end": {
            "line": 20,
            "column": 51
          }
        },
        "line": 20
      },
      "5": {
        "name": "(anonymous_5)",
        "decl": {
          "start": {
            "line": 37,
            "column": 40
          },
          "end": {
            "line": 37,
            "column": 41
          }
        },
        "loc": {
          "start": {
            "line": 37,
            "column": 46
          },
          "end": {
            "line": 56,
            "column": 3
          }
        },
        "line": 37
      },
      "6": {
        "name": "(anonymous_6)",
        "decl": {
          "start": {
            "line": 38,
            "column": 26
          },
          "end": {
            "line": 38,
            "column": 27
          }
        },
        "loc": {
          "start": {
            "line": 38,
            "column": 32
          },
          "end": {
            "line": 47,
            "column": 5
          }
        },
        "line": 38
      },
      "7": {
        "name": "(anonymous_7)",
        "decl": {
          "start": {
            "line": 41,
            "column": 17
          },
          "end": {
            "line": 41,
            "column": 18
          }
        },
        "loc": {
          "start": {
            "line": 41,
            "column": 23
          },
          "end": {
            "line": 41,
            "column": 62
          }
        },
        "line": 41
      },
      "8": {
        "name": "(anonymous_8)",
        "decl": {
          "start": {
            "line": 58,
            "column": 35
          },
          "end": {
            "line": 58,
            "column": 36
          }
        },
        "loc": {
          "start": {
            "line": 58,
            "column": 41
          },
          "end": {
            "line": 68,
            "column": 3
          }
        },
        "line": 58
      }
    },
    "branchMap": {
      "0": {
        "loc": {
          "start": {
            "line": 23,
            "column": 6
          },
          "end": {
            "line": 23,
            "column": 49
          }
        },
        "type": "if",
        "locations": [
          {
            "start": {
              "line": 23,
              "column": 6
            },
            "end": {
              "line": 23,
              "column": 49
            }
          },
          {
            "start": {},
            "end": {}
          }
        ],
        "line": 23
      },
      "1": {
        "loc": {
          "start": {
            "line": 45,
            "column": 6
          },
          "end": {
            "line": 45,
            "column": 76
          }
        },
        "type": "if",
        "locations": [
          {
            "start": {
              "line": 45,
              "column": 6
            },
            "end": {
              "line": 45,
              "column": 76
            }
          },
          {
            "start": {},
            "end": {}
          }
        ],
        "line": 45
      }
    },
    "s": {
      "0": 5,
      "1": 5,
      "2": 5,
      "3": 5,
      "4": 5,
      "5": 4,
      "6": 8,
      "7": 4,
      "8": 8,
      "9": 4,
      "10": 4,
      "11": 4,
      "12": 4,
      "13": 4,
      "14": 5,
      "15": 3,
      "16": 6,
      "17": 3,
      "18": 6,
      "19": 3,
      "20": 3,
      "21": 3,
      "22": 3,
      "23": 5,
      "24": 2,
      "25": 2,
      "26": 2
    },
    "f": {
      "0": 5,
      "1": 5,
      "2": 4,
      "3": 8,
      "4": 4,
      "5": 3,
      "6": 6,
      "7": 3,
      "8": 2
    },
    "b": {
      "0": [
        4,
        4
      ],
      "1": [
        3,
        3
      ]
    },
    "_coverageSchema": "1a1c01bbd47fc00a2c39e90264f33305004495a9",
    "hash": "42db03cb9d1871bc00c9ab4191ce2092d0a82567"
  },
  "C:\\Projects\\EverFreeNote\\components\\theme-toggle.jsx": {
    "path": "C:\\Projects\\EverFreeNote\\components\\theme-toggle.jsx",
    "statementMap": {
      "0": {
        "start": {
          "line": 9,
          "column": 45
        },
        "end": {
          "line": 9,
          "column": 55
        }
      },
      "1": {
        "start": {
          "line": 10,
          "column": 32
        },
        "end": {
          "line": 10,
          "column": 53
        }
      },
      "2": {
        "start": {
          "line": 13,
          "column": 2
        },
        "end": {
          "line": 15,
          "column": 8
        }
      },
      "3": {
        "start": {
          "line": 14,
          "column": 4
        },
        "end": {
          "line": 14,
          "column": 20
        }
      },
      "4": {
        "start": {
          "line": 17,
          "column": 2
        },
        "end": {
          "line": 23,
          "column": 3
        }
      },
      "5": {
        "start": {
          "line": 18,
          "column": 4
        },
        "end": {
          "line": 22,
          "column": 5
        }
      },
      "6": {
        "start": {
          "line": 25,
          "column": 17
        },
        "end": {
          "line": 25,
          "column": 61
        }
      },
      "7": {
        "start": {
          "line": 27,
          "column": 2
        },
        "end": {
          "line": 46,
          "column": 3
        }
      },
      "8": {
        "start": {
          "line": 32,
          "column": 25
        },
        "end": {
          "line": 32,
          "column": 50
        }
      },
      "9": {
        "start": {
          "line": 33,
          "column": 8
        },
        "end": {
          "line": 33,
          "column": 26
        }
      },
      "10": {
        "start": {
          "line": 34,
          "column": 8
        },
        "end": {
          "line": 34,
          "column": 51
        }
      }
    },
    "fnMap": {
      "0": {
        "name": "ThemeToggle",
        "decl": {
          "start": {
            "line": 8,
            "column": 16
          },
          "end": {
            "line": 8,
            "column": 27
          }
        },
        "loc": {
          "start": {
            "line": 8,
            "column": 30
          },
          "end": {
            "line": 47,
            "column": 1
          }
        },
        "line": 8
      },
      "1": {
        "name": "(anonymous_1)",
        "decl": {
          "start": {
            "line": 13,
            "column": 18
          },
          "end": {
            "line": 13,
            "column": 19
          }
        },
        "loc": {
          "start": {
            "line": 13,
            "column": 24
          },
          "end": {
            "line": 15,
            "column": 3
          }
        },
        "line": 13
      },
      "2": {
        "name": "(anonymous_2)",
        "decl": {
          "start": {
            "line": 31,
            "column": 15
          },
          "end": {
            "line": 31,
            "column": 16
          }
        },
        "loc": {
          "start": {
            "line": 31,
            "column": 21
          },
          "end": {
            "line": 35,
            "column": 7
          }
        },
        "line": 31
      }
    },
    "branchMap": {
      "0": {
        "loc": {
          "start": {
            "line": 17,
            "column": 2
          },
          "end": {
            "line": 23,
            "column": 3
          }
        },
        "type": "if",
        "locations": [
          {
            "start": {
              "line": 17,
              "column": 2
            },
            "end": {
              "line": 23,
              "column": 3
            }
          },
          {
            "start": {},
            "end": {}
          }
        ],
        "line": 17
      },
      "1": {
        "loc": {
          "start": {
            "line": 25,
            "column": 17
          },
          "end": {
            "line": 25,
            "column": 61
          }
        },
        "type": "binary-expr",
        "locations": [
          {
            "start": {
              "line": 25,
              "column": 17
            },
            "end": {
              "line": 25,
              "column": 41
            }
          },
          {
            "start": {
              "line": 25,
              "column": 45
            },
            "end": {
              "line": 25,
              "column": 61
            }
          }
        ],
        "line": 25
      },
      "2": {
        "loc": {
          "start": {
            "line": 32,
            "column": 25
          },
          "end": {
            "line": 32,
            "column": 50
          }
        },
        "type": "cond-expr",
        "locations": [
          {
            "start": {
              "line": 32,
              "column": 34
            },
            "end": {
              "line": 32,
              "column": 41
            }
          },
          {
            "start": {
              "line": 32,
              "column": 44
            },
            "end": {
              "line": 32,
              "column": 50
            }
          }
        ],
        "line": 32
      },
      "3": {
        "loc": {
          "start": {
            "line": 37,
            "column": 13
          },
          "end": {
            "line": 37,
            "column": 68
          }
        },
        "type": "cond-expr",
        "locations": [
          {
            "start": {
              "line": 37,
              "column": 22
            },
            "end": {
              "line": 37,
              "column": 44
            }
          },
          {
            "start": {
              "line": 37,
              "column": 47
            },
            "end": {
              "line": 37,
              "column": 68
            }
          }
        ],
        "line": 37
      },
      "4": {
        "loc": {
          "start": {
            "line": 39,
            "column": 7
          },
          "end": {
            "line": 43,
            "column": 7
          }
        },
        "type": "cond-expr",
        "locations": [
          {
            "start": {
              "line": 40,
              "column": 8
            },
            "end": {
              "line": 40,
              "column": 50
            }
          },
          {
            "start": {
              "line": 42,
              "column": 8
            },
            "end": {
              "line": 42,
              "column": 51
            }
          }
        ],
        "line": 39
      }
    },
    "s": {
      "0": 44,
      "1": 44,
      "2": 44,
      "3": 20,
      "4": 44,
      "5": 20,
      "6": 24,
      "7": 24,
      "8": 4,
      "9": 4,
      "10": 4
    },
    "f": {
      "0": 44,
      "1": 20,
      "2": 4
    },
    "b": {
      "0": [
        20,
        24
      ],
      "1": [
        24,
        20
      ],
      "2": [
        0,
        4
      ],
      "3": [
        4,
        20
      ],
      "4": [
        4,
        20
      ]
    },
    "_coverageSchema": "1a1c01bbd47fc00a2c39e90264f33305004495a9",
    "hash": "cc6c0b76a247519d0480e3eabc4e50c8e4d1acbf"
  },
  "C:\\Projects\\EverFreeNote\\components\\theme-provider.jsx": {
    "path": "C:\\Projects\\EverFreeNote\\components\\theme-provider.jsx",
    "statementMap": {
      "0": {
        "start": {
          "line": 7,
          "column": 2
        },
        "end": {
          "line": 7,
          "column": 71
        }
      }
    },
    "fnMap": {
      "0": {
        "name": "ThemeProvider",
        "decl": {
          "start": {
            "line": 6,
            "column": 16
          },
          "end": {
            "line": 6,
            "column": 29
          }
        },
        "loc": {
          "start": {
            "line": 6,
            "column": 54
          },
          "end": {
            "line": 8,
            "column": 1
          }
        },
        "line": 6
      }
    },
    "branchMap": {},
    "s": {
      "0": 20
    },
    "f": {
      "0": 20
    },
    "b": {},
    "_coverageSchema": "1a1c01bbd47fc00a2c39e90264f33305004495a9",
    "hash": "5655af96b54e5e2976dd452024460f41cc5b30cc"
  },
  "C:\\Projects\\EverFreeNote\\cypress\\component\\providers\\ThemeToggle.cy.js": {
    "path": "C:\\Projects\\EverFreeNote\\cypress\\component\\providers\\ThemeToggle.cy.js",
    "statementMap": {
      "0": {
        "start": {
          "line": 5,
          "column": 0
        },
        "end": {
          "line": 64,
          "column": 2
        }
      },
      "1": {
        "start": {
          "line": 6,
          "column": 2
        },
        "end": {
          "line": 14,
          "column": 4
        }
      },
      "2": {
        "start": {
          "line": 7,
          "column": 4
        },
        "end": {
          "line": 11,
          "column": 5
        }
      },
      "3": {
        "start": {
          "line": 13,
          "column": 4
        },
        "end": {
          "line": 13,
          "column": 41
        }
      },
      "4": {
        "start": {
          "line": 16,
          "column": 2
        },
        "end": {
          "line": 25,
          "column": 4
        }
      },
      "5": {
        "start": {
          "line": 17,
          "column": 4
        },
        "end": {
          "line": 21,
          "column": 5
        }
      },
      "6": {
        "start": {
          "line": 24,
          "column": 4
        },
        "end": {
          "line": 24,
          "column": 48
        }
      },
      "7": {
        "start": {
          "line": 27,
          "column": 2
        },
        "end": {
          "line": 37,
          "column": 4
        }
      },
      "8": {
        "start": {
          "line": 28,
          "column": 4
        },
        "end": {
          "line": 32,
          "column": 5
        }
      },
      "9": {
        "start": {
          "line": 34,
          "column": 4
        },
        "end": {
          "line": 34,
          "column": 28
        }
      },
      "10": {
        "start": {
          "line": 36,
          "column": 4
        },
        "end": {
          "line": 36,
          "column": 48
        }
      },
      "11": {
        "start": {
          "line": 39,
          "column": 2
        },
        "end": {
          "line": 51,
          "column": 4
        }
      },
      "12": {
        "start": {
          "line": 40,
          "column": 4
        },
        "end": {
          "line": 44,
          "column": 5
        }
      },
      "13": {
        "start": {
          "line": 46,
          "column": 4
        },
        "end": {
          "line": 48,
          "column": 40
        }
      },
      "14": {
        "start": {
          "line": 50,
          "column": 4
        },
        "end": {
          "line": 50,
          "column": 47
        }
      },
      "15": {
        "start": {
          "line": 53,
          "column": 2
        },
        "end": {
          "line": 63,
          "column": 4
        }
      },
      "16": {
        "start": {
          "line": 55,
          "column": 4
        },
        "end": {
          "line": 59,
          "column": 5
        }
      },
      "17": {
        "start": {
          "line": 61,
          "column": 4
        },
        "end": {
          "line": 61,
          "column": 41
        }
      },
      "18": {
        "start": {
          "line": 62,
          "column": 4
        },
        "end": {
          "line": 62,
          "column": 48
        }
      }
    },
    "fnMap": {
      "0": {
        "name": "(anonymous_0)",
        "decl": {
          "start": {
            "line": 5,
            "column": 34
          },
          "end": {
            "line": 5,
            "column": 35
          }
        },
        "loc": {
          "start": {
            "line": 5,
            "column": 40
          },
          "end": {
            "line": 64,
            "column": 1
          }
        },
        "line": 5
      },
      "1": {
        "name": "(anonymous_1)",
        "decl": {
          "start": {
            "line": 6,
            "column": 36
          },
          "end": {
            "line": 6,
            "column": 37
          }
        },
        "loc": {
          "start": {
            "line": 6,
            "column": 42
          },
          "end": {
            "line": 14,
            "column": 3
          }
        },
        "line": 6
      },
      "2": {
        "name": "(anonymous_2)",
        "decl": {
          "start": {
            "line": 16,
            "column": 38
          },
          "end": {
            "line": 16,
            "column": 39
          }
        },
        "loc": {
          "start": {
            "line": 16,
            "column": 44
          },
          "end": {
            "line": 25,
            "column": 3
          }
        },
        "line": 16
      },
      "3": {
        "name": "(anonymous_3)",
        "decl": {
          "start": {
            "line": 27,
            "column": 35
          },
          "end": {
            "line": 27,
            "column": 36
          }
        },
        "loc": {
          "start": {
            "line": 27,
            "column": 41
          },
          "end": {
            "line": 37,
            "column": 3
          }
        },
        "line": 27
      },
      "4": {
        "name": "(anonymous_4)",
        "decl": {
          "start": {
            "line": 39,
            "column": 45
          },
          "end": {
            "line": 39,
            "column": 46
          }
        },
        "loc": {
          "start": {
            "line": 39,
            "column": 51
          },
          "end": {
            "line": 51,
            "column": 3
          }
        },
        "line": 39
      },
      "5": {
        "name": "(anonymous_5)",
        "decl": {
          "start": {
            "line": 53,
            "column": 43
          },
          "end": {
            "line": 53,
            "column": 44
          }
        },
        "loc": {
          "start": {
            "line": 53,
            "column": 49
          },
          "end": {
            "line": 63,
            "column": 3
          }
        },
        "line": 53
      }
    },
    "branchMap": {},
    "s": {
      "0": 6,
      "1": 6,
      "2": 6,
      "3": 6,
      "4": 6,
      "5": 5,
      "6": 5,
      "7": 6,
      "8": 4,
      "9": 4,
      "10": 4,
      "11": 6,
      "12": 3,
      "13": 3,
      "14": 3,
      "15": 6,
      "16": 2,
      "17": 2,
      "18": 2
    },
    "f": {
      "0": 6,
      "1": 6,
      "2": 5,
      "3": 4,
      "4": 3,
      "5": 2
    },
    "b": {},
    "_coverageSchema": "1a1c01bbd47fc00a2c39e90264f33305004495a9",
    "hash": "f06e1c0f3e6666d325ac126bc268feb0f32befed"
  }
}