{
  "C:\\Projects\\EverFreeNote\\cypress\\support\\commands.js": {
    "path": "C:\\Projects\\EverFreeNote\\cypress\\support\\commands.js",
    "statementMap": {
      "0": {
        "start": {
          "line": 14,
          "column": 0
        },
        "end": {
          "line": 19,
          "column": 2
        }
      },
      "1": {
        "start": {
          "line": 15,
          "column": 2
        },
        "end": {
          "line": 18,
          "column": 4
        }
      },
      "2": {
        "start": {
          "line": 16,
          "column": 4
        },
        "end": {
          "line": 16,
          "column": 17
        }
      },
      "3": {
        "start": {
          "line": 17,
          "column": 4
        },
        "end": {
          "line": 17,
          "column": 46
        }
      },
      "4": {
        "start": {
          "line": 22,
          "column": 0
        },
        "end": {
          "line": 30,
          "column": 2
        }
      },
      "5": {
        "start": {
          "line": 23,
          "column": 2
        },
        "end": {
          "line": 23,
          "column": 33
        }
      },
      "6": {
        "start": {
          "line": 24,
          "column": 2
        },
        "end": {
          "line": 24,
          "column": 55
        }
      },
      "7": {
        "start": {
          "line": 25,
          "column": 2
        },
        "end": {
          "line": 27,
          "column": 3
        }
      },
      "8": {
        "start": {
          "line": 26,
          "column": 4
        },
        "end": {
          "line": 26,
          "column": 38
        }
      },
      "9": {
        "start": {
          "line": 28,
          "column": 2
        },
        "end": {
          "line": 28,
          "column": 29
        }
      },
      "10": {
        "start": {
          "line": 29,
          "column": 2
        },
        "end": {
          "line": 29,
          "column": 63
        }
      },
      "11": {
        "start": {
          "line": 35,
          "column": 0
        },
        "end": {
          "line": 35,
          "column": 36
        }
      },
      "12": {
        "start": {
          "line": 38,
          "column": 0
        },
        "end": {
          "line": 40,
          "column": 2
        }
      },
      "13": {
        "start": {
          "line": 39,
          "column": 2
        },
        "end": {
          "line": 39,
          "column": 44
        }
      },
      "14": {
        "start": {
          "line": 42,
          "column": 0
        },
        "end": {
          "line": 44,
          "column": 2
        }
      },
      "15": {
        "start": {
          "line": 43,
          "column": 2
        },
        "end": {
          "line": 43,
          "column": 43
        }
      },
      "16": {
        "start": {
          "line": 46,
          "column": 0
        },
        "end": {
          "line": 61,
          "column": 2
        }
      },
      "17": {
        "start": {
          "line": 47,
          "column": 2
        },
        "end": {
          "line": 60,
          "column": 4
        }
      },
      "18": {
        "start": {
          "line": 48,
          "column": 19
        },
        "end": {
          "line": 48,
          "column": 29
        }
      },
      "19": {
        "start": {
          "line": 49,
          "column": 18
        },
        "end": {
          "line": 49,
          "column": 40
        }
      },
      "20": {
        "start": {
          "line": 50,
          "column": 21
        },
        "end": {
          "line": 50,
          "column": 38
        }
      },
      "21": {
        "start": {
          "line": 52,
          "column": 4
        },
        "end": {
          "line": 59,
          "column": 5
        }
      },
      "22": {
        "start": {
          "line": 53,
          "column": 6
        },
        "end": {
          "line": 53,
          "column": 43
        }
      },
      "23": {
        "start": {
          "line": 54,
          "column": 6
        },
        "end": {
          "line": 54,
          "column": 39
        }
      },
      "24": {
        "start": {
          "line": 56,
          "column": 24
        },
        "end": {
          "line": 56,
          "column": 45
        }
      },
      "25": {
        "start": {
          "line": 57,
          "column": 6
        },
        "end": {
          "line": 57,
          "column": 33
        }
      },
      "26": {
        "start": {
          "line": 58,
          "column": 6
        },
        "end": {
          "line": 58,
          "column": 31
        }
      }
    },
    "fnMap": {
      "0": {
        "name": "(anonymous_0)",
        "decl": {
          "start": {
            "line": 14,
            "column": 30
          },
          "end": {
            "line": 14,
            "column": 31
          }
        },
        "loc": {
          "start": {
            "line": 14,
            "column": 85
          },
          "end": {
            "line": 19,
            "column": 1
          }
        },
        "line": 14
      },
      "1": {
        "name": "(anonymous_1)",
        "decl": {
          "start": {
            "line": 15,
            "column": 32
          },
          "end": {
            "line": 15,
            "column": 33
          }
        },
        "loc": {
          "start": {
            "line": 15,
            "column": 38
          },
          "end": {
            "line": 18,
            "column": 3
          }
        },
        "line": 15
      },
      "2": {
        "name": "(anonymous_2)",
        "decl": {
          "start": {
            "line": 22,
            "column": 35
          },
          "end": {
            "line": 22,
            "column": 36
          }
        },
        "loc": {
          "start": {
            "line": 22,
            "column": 60
          },
          "end": {
            "line": 30,
            "column": 1
          }
        },
        "line": 22
      },
      "3": {
        "name": "(anonymous_3)",
        "decl": {
          "start": {
            "line": 38,
            "column": 41
          },
          "end": {
            "line": 38,
            "column": 42
          }
        },
        "loc": {
          "start": {
            "line": 38,
            "column": 54
          },
          "end": {
            "line": 40,
            "column": 1
          }
        },
        "line": 38
      },
      "4": {
        "name": "(anonymous_4)",
        "decl": {
          "start": {
            "line": 42,
            "column": 48
          },
          "end": {
            "line": 42,
            "column": 49
          }
        },
        "loc": {
          "start": {
            "line": 42,
            "column": 64
          },
          "end": {
            "line": 44,
            "column": 1
          }
        },
        "line": 42
      },
      "5": {
        "name": "(anonymous_5)",
        "decl": {
          "start": {
            "line": 46,
            "column": 43
          },
          "end": {
            "line": 46,
            "column": 44
          }
        },
        "loc": {
          "start": {
            "line": 46,
            "column": 71
          },
          "end": {
            "line": 61,
            "column": 1
          }
        },
        "line": 46
      },
      "6": {
        "name": "(anonymous_6)",
        "decl": {
          "start": {
            "line": 47,
            "column": 28
          },
          "end": {
            "line": 47,
            "column": 29
          }
        },
        "loc": {
          "start": {
            "line": 47,
            "column": 39
          },
          "end": {
            "line": 60,
            "column": 3
          }
        },
        "line": 47
      }
    },
    "branchMap": {
      "0": {
        "loc": {
          "start": {
            "line": 14,
            "column": 31
          },
          "end": {
            "line": 14,
            "column": 57
          }
        },
        "type": "default-arg",
        "locations": [
          {
            "start": {
              "line": 14,
              "column": 39
            },
            "end": {
              "line": 14,
              "column": 57
            }
          }
        ],
        "line": 14
      },
      "1": {
        "loc": {
          "start": {
            "line": 14,
            "column": 59
          },
          "end": {
            "line": 14,
            "column": 80
          }
        },
        "type": "default-arg",
        "locations": [
          {
            "start": {
              "line": 14,
              "column": 70
            },
            "end": {
              "line": 14,
              "column": 80
            }
          }
        ],
        "line": 14
      },
      "2": {
        "loc": {
          "start": {
            "line": 22,
            "column": 43
          },
          "end": {
            "line": 22,
            "column": 55
          }
        },
        "type": "default-arg",
        "locations": [
          {
            "start": {
              "line": 22,
              "column": 53
            },
            "end": {
              "line": 22,
              "column": 55
            }
          }
        ],
        "line": 22
      },
      "3": {
        "loc": {
          "start": {
            "line": 25,
            "column": 2
          },
          "end": {
            "line": 27,
            "column": 3
          }
        },
        "type": "if",
        "locations": [
          {
            "start": {
              "line": 25,
              "column": 2
            },
            "end": {
              "line": 27,
              "column": 3
            }
          },
          {
            "start": {},
            "end": {}
          }
        ],
        "line": 25
      },
      "4": {
        "loc": {
          "start": {
            "line": 52,
            "column": 4
          },
          "end": {
            "line": 59,
            "column": 5
          }
        },
        "type": "if",
        "locations": [
          {
            "start": {
              "line": 52,
              "column": 4
            },
            "end": {
              "line": 59,
              "column": 5
            }
          },
          {
            "start": {},
            "end": {}
          }
        ],
        "line": 52
      },
      "5": {
        "loc": {
          "start": {
            "line": 52,
            "column": 8
          },
          "end": {
            "line": 52,
            "column": 56
          }
        },
        "type": "binary-expr",
        "locations": [
          {
            "start": {
              "line": 52,
              "column": 8
            },
            "end": {
              "line": 52,
              "column": 16
            }
          },
          {
            "start": {
              "line": 52,
              "column": 20
            },
            "end": {
              "line": 52,
              "column": 56
            }
          }
        ],
        "line": 52
      }
    },
    "s": {
      "0": 967,
      "1": 0,
      "2": 0,
      "3": 0,
      "4": 967,
      "5": 0,
      "6": 0,
      "7": 0,
      "8": 0,
      "9": 0,
      "10": 0,
      "11": 967,
      "12": 967,
      "13": 0,
      "14": 967,
      "15": 0,
      "16": 967,
      "17": 0,
      "18": 0,
      "19": 0,
      "20": 0,
      "21": 0,
      "22": 0,
      "23": 0,
      "24": 0,
      "25": 0,
      "26": 0
    },
    "f": {
      "0": 0,
      "1": 0,
      "2": 0,
      "3": 0,
      "4": 0,
      "5": 0,
      "6": 0
    },
    "b": {
      "0": [
        0
      ],
      "1": [
        0
      ],
      "2": [
        0
      ],
      "3": [
        0,
        0
      ],
      "4": [
        0,
        0
      ],
      "5": [
        0,
        0
      ]
    },
    "_coverageSchema": "1a1c01bbd47fc00a2c39e90264f33305004495a9",
    "hash": "5ebd2f6fc58f215f08a5b80c0db462ef2adfb354"
  },
  "C:\\Projects\\EverFreeNote\\cypress\\support\\component-utils.js": {
    "path": "C:\\Projects\\EverFreeNote\\cypress\\support\\component-utils.js",
    "statementMap": {
      "0": {
        "start": {
          "line": 9,
          "column": 0
        },
        "end": {
          "line": 34,
          "column": 2
        }
      },
      "1": {
        "start": {
          "line": 15,
          "column": 6
        },
        "end": {
          "line": 15,
          "column": 13
        }
      },
      "2": {
        "start": {
          "line": 18,
          "column": 2
        },
        "end": {
          "line": 20,
          "column": 3
        }
      },
      "3": {
        "start": {
          "line": 19,
          "column": 4
        },
        "end": {
          "line": 19,
          "column": 24
        }
      },
      "4": {
        "start": {
          "line": 23,
          "column": 2
        },
        "end": {
          "line": 25,
          "column": 3
        }
      },
      "5": {
        "start": {
          "line": 24,
          "column": 4
        },
        "end": {
          "line": 24,
          "column": 29
        }
      },
      "6": {
        "start": {
          "line": 28,
          "column": 25
        },
        "end": {
          "line": 28,
          "column": 34
        }
      },
      "7": {
        "start": {
          "line": 29,
          "column": 2
        },
        "end": {
          "line": 31,
          "column": 4
        }
      },
      "8": {
        "start": {
          "line": 30,
          "column": 4
        },
        "end": {
          "line": 30,
          "column": 49
        }
      },
      "9": {
        "start": {
          "line": 33,
          "column": 2
        },
        "end": {
          "line": 33,
          "column": 49
        }
      },
      "10": {
        "start": {
          "line": 37,
          "column": 0
        },
        "end": {
          "line": 41,
          "column": 2
        }
      },
      "11": {
        "start": {
          "line": 38,
          "column": 2
        },
        "end": {
          "line": 40,
          "column": 4
        }
      },
      "12": {
        "start": {
          "line": 39,
          "column": 4
        },
        "end": {
          "line": 39,
          "column": 35
        }
      },
      "13": {
        "start": {
          "line": 44,
          "column": 0
        },
        "end": {
          "line": 64,
          "column": 2
        }
      },
      "14": {
        "start": {
          "line": 45,
          "column": 70
        },
        "end": {
          "line": 45,
          "column": 76
        }
      },
      "15": {
        "start": {
          "line": 47,
          "column": 2
        },
        "end": {
          "line": 63,
          "column": 4
        }
      },
      "16": {
        "start": {
          "line": 48,
          "column": 4
        },
        "end": {
          "line": 50,
          "column": 5
        }
      },
      "17": {
        "start": {
          "line": 49,
          "column": 6
        },
        "end": {
          "line": 49,
          "column": 23
        }
      },
      "18": {
        "start": {
          "line": 52,
          "column": 4
        },
        "end": {
          "line": 62,
          "column": 5
        }
      },
      "19": {
        "start": {
          "line": 53,
          "column": 6
        },
        "end": {
          "line": 53,
          "column": 71
        }
      },
      "20": {
        "start": {
          "line": 55,
          "column": 19
        },
        "end": {
          "line": 55,
          "column": 28
        }
      },
      "21": {
        "start": {
          "line": 56,
          "column": 6
        },
        "end": {
          "line": 60,
          "column": 7
        }
      },
      "22": {
        "start": {
          "line": 57,
          "column": 8
        },
        "end": {
          "line": 57,
          "column": 44
        }
      },
      "23": {
        "start": {
          "line": 59,
          "column": 8
        },
        "end": {
          "line": 59,
          "column": 31
        }
      },
      "24": {
        "start": {
          "line": 61,
          "column": 6
        },
        "end": {
          "line": 61,
          "column": 33
        }
      },
      "25": {
        "start": {
          "line": 67,
          "column": 0
        },
        "end": {
          "line": 71,
          "column": 2
        }
      },
      "26": {
        "start": {
          "line": 68,
          "column": 2
        },
        "end": {
          "line": 70,
          "column": 4
        }
      },
      "27": {
        "start": {
          "line": 69,
          "column": 4
        },
        "end": {
          "line": 69,
          "column": 29
        }
      },
      "28": {
        "start": {
          "line": 74,
          "column": 0
        },
        "end": {
          "line": 78,
          "column": 2
        }
      },
      "29": {
        "start": {
          "line": 75,
          "column": 30
        },
        "end": {
          "line": 75,
          "column": 37
        }
      },
      "30": {
        "start": {
          "line": 77,
          "column": 2
        },
        "end": {
          "line": 77,
          "column": 52
        }
      },
      "31": {
        "start": {
          "line": 83,
          "column": 0
        },
        "end": {
          "line": 85,
          "column": 2
        }
      },
      "32": {
        "start": {
          "line": 84,
          "column": 2
        },
        "end": {
          "line": 84,
          "column": 73
        }
      },
      "33": {
        "start": {
          "line": 88,
          "column": 0
        },
        "end": {
          "line": 101,
          "column": 2
        }
      },
      "34": {
        "start": {
          "line": 89,
          "column": 17
        },
        "end": {
          "line": 94,
          "column": 3
        }
      },
      "35": {
        "start": {
          "line": 90,
          "column": 19
        },
        "end": {
          "line": 90,
          "column": 61
        }
      },
      "36": {
        "start": {
          "line": 91,
          "column": 20
        },
        "end": {
          "line": 91,
          "column": 58
        }
      },
      "37": {
        "start": {
          "line": 92,
          "column": 19
        },
        "end": {
          "line": 92,
          "column": 83
        }
      },
      "38": {
        "start": {
          "line": 93,
          "column": 19
        },
        "end": {
          "line": 93,
          "column": 56
        }
      },
      "39": {
        "start": {
          "line": 96,
          "column": 2
        },
        "end": {
          "line": 100,
          "column": 3
        }
      },
      "40": {
        "start": {
          "line": 97,
          "column": 4
        },
        "end": {
          "line": 97,
          "column": 19
        }
      },
      "41": {
        "start": {
          "line": 99,
          "column": 4
        },
        "end": {
          "line": 99,
          "column": 53
        }
      },
      "42": {
        "start": {
          "line": 104,
          "column": 0
        },
        "end": {
          "line": 106,
          "column": 2
        }
      },
      "43": {
        "start": {
          "line": 105,
          "column": 2
        },
        "end": {
          "line": 105,
          "column": 46
        }
      },
      "44": {
        "start": {
          "line": 109,
          "column": 0
        },
        "end": {
          "line": 111,
          "column": 2
        }
      },
      "45": {
        "start": {
          "line": 110,
          "column": 2
        },
        "end": {
          "line": 110,
          "column": 39
        }
      },
      "46": {
        "start": {
          "line": 113,
          "column": 0
        },
        "end": {
          "line": 115,
          "column": 2
        }
      },
      "47": {
        "start": {
          "line": 114,
          "column": 2
        },
        "end": {
          "line": 114,
          "column": 43
        }
      },
      "48": {
        "start": {
          "line": 118,
          "column": 0
        },
        "end": {
          "line": 120,
          "column": 2
        }
      },
      "49": {
        "start": {
          "line": 119,
          "column": 2
        },
        "end": {
          "line": 119,
          "column": 82
        }
      },
      "50": {
        "start": {
          "line": 123,
          "column": 0
        },
        "end": {
          "line": 125,
          "column": 2
        }
      },
      "51": {
        "start": {
          "line": 124,
          "column": 2
        },
        "end": {
          "line": 124,
          "column": 39
        }
      },
      "52": {
        "start": {
          "line": 127,
          "column": 0
        },
        "end": {
          "line": 129,
          "column": 2
        }
      },
      "53": {
        "start": {
          "line": 128,
          "column": 2
        },
        "end": {
          "line": 128,
          "column": 43
        }
      },
      "54": {
        "start": {
          "line": 134,
          "column": 0
        },
        "end": {
          "line": 144,
          "column": 2
        }
      },
      "55": {
        "start": {
          "line": 135,
          "column": 60
        },
        "end": {
          "line": 135,
          "column": 67
        }
      },
      "56": {
        "start": {
          "line": 137,
          "column": 2
        },
        "end": {
          "line": 137,
          "column": 52
        }
      },
      "57": {
        "start": {
          "line": 139,
          "column": 2
        },
        "end": {
          "line": 141,
          "column": 3
        }
      },
      "58": {
        "start": {
          "line": 140,
          "column": 4
        },
        "end": {
          "line": 140,
          "column": 29
        }
      },
      "59": {
        "start": {
          "line": 143,
          "column": 2
        },
        "end": {
          "line": 143,
          "column": 33
        }
      },
      "60": {
        "start": {
          "line": 147,
          "column": 0
        },
        "end": {
          "line": 157,
          "column": 2
        }
      },
      "61": {
        "start": {
          "line": 148,
          "column": 28
        },
        "end": {
          "line": 148,
          "column": 35
        }
      },
      "62": {
        "start": {
          "line": 150,
          "column": 2
        },
        "end": {
          "line": 150,
          "column": 44
        }
      },
      "63": {
        "start": {
          "line": 152,
          "column": 2
        },
        "end": {
          "line": 156,
          "column": 3
        }
      },
      "64": {
        "start": {
          "line": 153,
          "column": 4
        },
        "end": {
          "line": 153,
          "column": 37
        }
      },
      "65": {
        "start": {
          "line": 155,
          "column": 4
        },
        "end": {
          "line": 155,
          "column": 28
        }
      },
      "66": {
        "start": {
          "line": 160,
          "column": 0
        },
        "end": {
          "line": 162,
          "column": 2
        }
      },
      "67": {
        "start": {
          "line": 161,
          "column": 2
        },
        "end": {
          "line": 161,
          "column": 18
        }
      },
      "68": {
        "start": {
          "line": 167,
          "column": 0
        },
        "end": {
          "line": 175,
          "column": 2
        }
      },
      "69": {
        "start": {
          "line": 168,
          "column": 2
        },
        "end": {
          "line": 174,
          "column": 3
        }
      },
      "70": {
        "start": {
          "line": 178,
          "column": 0
        },
        "end": {
          "line": 188,
          "column": 2
        }
      },
      "71": {
        "start": {
          "line": 179,
          "column": 2
        },
        "end": {
          "line": 187,
          "column": 3
        }
      },
      "72": {
        "start": {
          "line": 193,
          "column": 0
        },
        "end": {
          "line": 204,
          "column": 2
        }
      },
      "73": {
        "start": {
          "line": 194,
          "column": 24
        },
        "end": {
          "line": 199,
          "column": 3
        }
      },
      "74": {
        "start": {
          "line": 201,
          "column": 2
        },
        "end": {
          "line": 203,
          "column": 3
        }
      },
      "75": {
        "start": {
          "line": 202,
          "column": 4
        },
        "end": {
          "line": 202,
          "column": 41
        }
      },
      "76": {
        "start": {
          "line": 207,
          "column": 0
        },
        "end": {
          "line": 212,
          "column": 2
        }
      },
      "77": {
        "start": {
          "line": 208,
          "column": 67
        },
        "end": {
          "line": 208,
          "column": 78
        }
      },
      "78": {
        "start": {
          "line": 210,
          "column": 2
        },
        "end": {
          "line": 210,
          "column": 47
        }
      },
      "79": {
        "start": {
          "line": 211,
          "column": 2
        },
        "end": {
          "line": 211,
          "column": 53
        }
      },
      "80": {
        "start": {
          "line": 214,
          "column": 0
        },
        "end": {
          "line": 216,
          "column": 2
        }
      },
      "81": {
        "start": {
          "line": 215,
          "column": 2
        },
        "end": {
          "line": 215,
          "column": 45
        }
      },
      "82": {
        "start": {
          "line": 219,
          "column": 30
        },
        "end": {
          "line": 249,
          "column": 1
        }
      },
      "83": {
        "start": {
          "line": 220,
          "column": 46
        },
        "end": {
          "line": 220,
          "column": 87
        }
      },
      "84": {
        "start": {
          "line": 221,
          "column": 25
        },
        "end": {
          "line": 221,
          "column": 45
        }
      },
      "85": {
        "start": {
          "line": 222,
          "column": 36
        },
        "end": {
          "line": 222,
          "column": 67
        }
      },
      "86": {
        "start": {
          "line": 223,
          "column": 30
        },
        "end": {
          "line": 223,
          "column": 55
        }
      },
      "87": {
        "start": {
          "line": 224,
          "column": 43
        },
        "end": {
          "line": 224,
          "column": 81
        }
      },
      "88": {
        "start": {
          "line": 227,
          "column": 41
        },
        "end": {
          "line": 227,
          "column": 77
        }
      },
      "89": {
        "start": {
          "line": 228,
          "column": 46
        },
        "end": {
          "line": 228,
          "column": 87
        }
      },
      "90": {
        "start": {
          "line": 229,
          "column": 45
        },
        "end": {
          "line": 229,
          "column": 85
        }
      },
      "91": {
        "start": {
          "line": 230,
          "column": 33
        },
        "end": {
          "line": 230,
          "column": 61
        }
      },
      "92": {
        "start": {
          "line": 231,
          "column": 36
        },
        "end": {
          "line": 231,
          "column": 67
        }
      },
      "93": {
        "start": {
          "line": 232,
          "column": 32
        },
        "end": {
          "line": 232,
          "column": 59
        }
      },
      "94": {
        "start": {
          "line": 233,
          "column": 35
        },
        "end": {
          "line": 233,
          "column": 65
        }
      },
      "95": {
        "start": {
          "line": 234,
          "column": 35
        },
        "end": {
          "line": 234,
          "column": 65
        }
      },
      "96": {
        "start": {
          "line": 237,
          "column": 38
        },
        "end": {
          "line": 237,
          "column": 71
        }
      },
      "97": {
        "start": {
          "line": 238,
          "column": 38
        },
        "end": {
          "line": 238,
          "column": 71
        }
      },
      "98": {
        "start": {
          "line": 239,
          "column": 29
        },
        "end": {
          "line": 239,
          "column": 53
        }
      },
      "99": {
        "start": {
          "line": 242,
          "column": 35
        },
        "end": {
          "line": 242,
          "column": 65
        }
      },
      "100": {
        "start": {
          "line": 243,
          "column": 35
        },
        "end": {
          "line": 243,
          "column": 65
        }
      },
      "101": {
        "start": {
          "line": 246,
          "column": 34
        },
        "end": {
          "line": 246,
          "column": 63
        }
      },
      "102": {
        "start": {
          "line": 247,
          "column": 33
        },
        "end": {
          "line": 247,
          "column": 61
        }
      },
      "103": {
        "start": {
          "line": 248,
          "column": 24
        },
        "end": {
          "line": 248,
          "column": 43
        }
      }
    },
    "fnMap": {
      "0": {
        "name": "(anonymous_0)",
        "decl": {
          "start": {
            "line": 9,
            "column": 43
          },
          "end": {
            "line": 9,
            "column": 44
          }
        },
        "loc": {
          "start": {
            "line": 9,
            "column": 72
          },
          "end": {
            "line": 34,
            "column": 1
          }
        },
        "line": 9
      },
      "1": {
        "name": "(anonymous_1)",
        "decl": {
          "start": {
            "line": 29,
            "column": 20
          },
          "end": {
            "line": 29,
            "column": 21
          }
        },
        "loc": {
          "start": {
            "line": 29,
            "column": 32
          },
          "end": {
            "line": 31,
            "column": 3
          }
        },
        "line": 29
      },
      "2": {
        "name": "(anonymous_2)",
        "decl": {
          "start": {
            "line": 37,
            "column": 35
          },
          "end": {
            "line": 37,
            "column": 36
          }
        },
        "loc": {
          "start": {
            "line": 37,
            "column": 46
          },
          "end": {
            "line": 41,
            "column": 1
          }
        },
        "line": 37
      },
      "3": {
        "name": "(anonymous_3)",
        "decl": {
          "start": {
            "line": 38,
            "column": 32
          },
          "end": {
            "line": 38,
            "column": 33
          }
        },
        "loc": {
          "start": {
            "line": 38,
            "column": 55
          },
          "end": {
            "line": 40,
            "column": 3
          }
        },
        "line": 38
      },
      "4": {
        "name": "(anonymous_4)",
        "decl": {
          "start": {
            "line": 44,
            "column": 36
          },
          "end": {
            "line": 44,
            "column": 37
          }
        },
        "loc": {
          "start": {
            "line": 44,
            "column": 57
          },
          "end": {
            "line": 64,
            "column": 1
          }
        },
        "line": 44
      },
      "5": {
        "name": "(anonymous_5)",
        "decl": {
          "start": {
            "line": 47,
            "column": 19
          },
          "end": {
            "line": 47,
            "column": 20
          }
        },
        "loc": {
          "start": {
            "line": 47,
            "column": 28
          },
          "end": {
            "line": 63,
            "column": 3
          }
        },
        "line": 47
      },
      "6": {
        "name": "(anonymous_6)",
        "decl": {
          "start": {
            "line": 67,
            "column": 37
          },
          "end": {
            "line": 67,
            "column": 38
          }
        },
        "loc": {
          "start": {
            "line": 67,
            "column": 51
          },
          "end": {
            "line": 71,
            "column": 1
          }
        },
        "line": 67
      },
      "7": {
        "name": "(anonymous_7)",
        "decl": {
          "start": {
            "line": 68,
            "column": 35
          },
          "end": {
            "line": 68,
            "column": 36
          }
        },
        "loc": {
          "start": {
            "line": 68,
            "column": 53
          },
          "end": {
            "line": 70,
            "column": 3
          }
        },
        "line": 68
      },
      "8": {
        "name": "(anonymous_8)",
        "decl": {
          "start": {
            "line": 74,
            "column": 41
          },
          "end": {
            "line": 74,
            "column": 42
          }
        },
        "loc": {
          "start": {
            "line": 74,
            "column": 69
          },
          "end": {
            "line": 78,
            "column": 1
          }
        },
        "line": 74
      },
      "9": {
        "name": "(anonymous_9)",
        "decl": {
          "start": {
            "line": 83,
            "column": 48
          },
          "end": {
            "line": 83,
            "column": 49
          }
        },
        "loc": {
          "start": {
            "line": 83,
            "column": 69
          },
          "end": {
            "line": 85,
            "column": 1
          }
        },
        "line": 83
      },
      "10": {
        "name": "(anonymous_10)",
        "decl": {
          "start": {
            "line": 88,
            "column": 46
          },
          "end": {
            "line": 88,
            "column": 47
          }
        },
        "loc": {
          "start": {
            "line": 88,
            "column": 67
          },
          "end": {
            "line": 101,
            "column": 1
          }
        },
        "line": 88
      },
      "11": {
        "name": "(anonymous_11)",
        "decl": {
          "start": {
            "line": 90,
            "column": 13
          },
          "end": {
            "line": 90,
            "column": 14
          }
        },
        "loc": {
          "start": {
            "line": 90,
            "column": 19
          },
          "end": {
            "line": 90,
            "column": 61
          }
        },
        "line": 90
      },
      "12": {
        "name": "(anonymous_12)",
        "decl": {
          "start": {
            "line": 91,
            "column": 14
          },
          "end": {
            "line": 91,
            "column": 15
          }
        },
        "loc": {
          "start": {
            "line": 91,
            "column": 20
          },
          "end": {
            "line": 91,
            "column": 58
          }
        },
        "line": 91
      },
      "13": {
        "name": "(anonymous_13)",
        "decl": {
          "start": {
            "line": 92,
            "column": 13
          },
          "end": {
            "line": 92,
            "column": 14
          }
        },
        "loc": {
          "start": {
            "line": 92,
            "column": 19
          },
          "end": {
            "line": 92,
            "column": 83
          }
        },
        "line": 92
      },
      "14": {
        "name": "(anonymous_14)",
        "decl": {
          "start": {
            "line": 93,
            "column": 13
          },
          "end": {
            "line": 93,
            "column": 14
          }
        },
        "loc": {
          "start": {
            "line": 93,
            "column": 19
          },
          "end": {
            "line": 93,
            "column": 56
          }
        },
        "line": 93
      },
      "15": {
        "name": "(anonymous_15)",
        "decl": {
          "start": {
            "line": 104,
            "column": 45
          },
          "end": {
            "line": 104,
            "column": 46
          }
        },
        "loc": {
          "start": {
            "line": 104,
            "column": 66
          },
          "end": {
            "line": 106,
            "column": 1
          }
        },
        "line": 104
      },
      "16": {
        "name": "(anonymous_16)",
        "decl": {
          "start": {
            "line": 109,
            "column": 40
          },
          "end": {
            "line": 109,
            "column": 41
          }
        },
        "loc": {
          "start": {
            "line": 109,
            "column": 54
          },
          "end": {
            "line": 111,
            "column": 1
          }
        },
        "line": 109
      },
      "17": {
        "name": "(anonymous_17)",
        "decl": {
          "start": {
            "line": 113,
            "column": 43
          },
          "end": {
            "line": 113,
            "column": 44
          }
        },
        "loc": {
          "start": {
            "line": 113,
            "column": 57
          },
          "end": {
            "line": 115,
            "column": 1
          }
        },
        "line": 113
      },
      "18": {
        "name": "(anonymous_18)",
        "decl": {
          "start": {
            "line": 118,
            "column": 40
          },
          "end": {
            "line": 118,
            "column": 41
          }
        },
        "loc": {
          "start": {
            "line": 118,
            "column": 53
          },
          "end": {
            "line": 120,
            "column": 1
          }
        },
        "line": 118
      },
      "19": {
        "name": "(anonymous_19)",
        "decl": {
          "start": {
            "line": 123,
            "column": 42
          },
          "end": {
            "line": 123,
            "column": 43
          }
        },
        "loc": {
          "start": {
            "line": 123,
            "column": 80
          },
          "end": {
            "line": 125,
            "column": 1
          }
        },
        "line": 123
      },
      "20": {
        "name": "(anonymous_20)",
        "decl": {
          "start": {
            "line": 127,
            "column": 42
          },
          "end": {
            "line": 127,
            "column": 43
          }
        },
        "loc": {
          "start": {
            "line": 127,
            "column": 80
          },
          "end": {
            "line": 129,
            "column": 1
          }
        },
        "line": 127
      },
      "21": {
        "name": "(anonymous_21)",
        "decl": {
          "start": {
            "line": 134,
            "column": 37
          },
          "end": {
            "line": 134,
            "column": 38
          }
        },
        "loc": {
          "start": {
            "line": 134,
            "column": 64
          },
          "end": {
            "line": 144,
            "column": 1
          }
        },
        "line": 134
      },
      "22": {
        "name": "(anonymous_22)",
        "decl": {
          "start": {
            "line": 147,
            "column": 36
          },
          "end": {
            "line": 147,
            "column": 37
          }
        },
        "loc": {
          "start": {
            "line": 147,
            "column": 64
          },
          "end": {
            "line": 157,
            "column": 1
          }
        },
        "line": 147
      },
      "23": {
        "name": "(anonymous_23)",
        "decl": {
          "start": {
            "line": 160,
            "column": 37
          },
          "end": {
            "line": 160,
            "column": 38
          }
        },
        "loc": {
          "start": {
            "line": 160,
            "column": 57
          },
          "end": {
            "line": 162,
            "column": 1
          }
        },
        "line": 160
      },
      "24": {
        "name": "(anonymous_24)",
        "decl": {
          "start": {
            "line": 167,
            "column": 41
          },
          "end": {
            "line": 167,
            "column": 42
          }
        },
        "loc": {
          "start": {
            "line": 167,
            "column": 61
          },
          "end": {
            "line": 175,
            "column": 1
          }
        },
        "line": 167
      },
      "25": {
        "name": "(anonymous_25)",
        "decl": {
          "start": {
            "line": 178,
            "column": 41
          },
          "end": {
            "line": 178,
            "column": 42
          }
        },
        "loc": {
          "start": {
            "line": 178,
            "column": 61
          },
          "end": {
            "line": 188,
            "column": 1
          }
        },
        "line": 178
      },
      "26": {
        "name": "(anonymous_26)",
        "decl": {
          "start": {
            "line": 193,
            "column": 43
          },
          "end": {
            "line": 193,
            "column": 44
          }
        },
        "loc": {
          "start": {
            "line": 193,
            "column": 55
          },
          "end": {
            "line": 204,
            "column": 1
          }
        },
        "line": 193
      },
      "27": {
        "name": "(anonymous_27)",
        "decl": {
          "start": {
            "line": 207,
            "column": 37
          },
          "end": {
            "line": 207,
            "column": 38
          }
        },
        "loc": {
          "start": {
            "line": 207,
            "column": 54
          },
          "end": {
            "line": 212,
            "column": 1
          }
        },
        "line": 207
      },
      "28": {
        "name": "(anonymous_28)",
        "decl": {
          "start": {
            "line": 214,
            "column": 39
          },
          "end": {
            "line": 214,
            "column": 40
          }
        },
        "loc": {
          "start": {
            "line": 214,
            "column": 45
          },
          "end": {
            "line": 216,
            "column": 1
          }
        },
        "line": 214
      },
      "29": {
        "name": "(anonymous_29)",
        "decl": {
          "start": {
            "line": 220,
            "column": 22
          },
          "end": {
            "line": 220,
            "column": 23
          }
        },
        "loc": {
          "start": {
            "line": 220,
            "column": 46
          },
          "end": {
            "line": 220,
            "column": 87
          }
        },
        "line": 220
      },
      "30": {
        "name": "(anonymous_30)",
        "decl": {
          "start": {
            "line": 221,
            "column": 14
          },
          "end": {
            "line": 221,
            "column": 15
          }
        },
        "loc": {
          "start": {
            "line": 221,
            "column": 25
          },
          "end": {
            "line": 221,
            "column": 45
          }
        },
        "line": 221
      },
      "31": {
        "name": "(anonymous_31)",
        "decl": {
          "start": {
            "line": 222,
            "column": 15
          },
          "end": {
            "line": 222,
            "column": 16
          }
        },
        "loc": {
          "start": {
            "line": 222,
            "column": 36
          },
          "end": {
            "line": 222,
            "column": 67
          }
        },
        "line": 222
      },
      "32": {
        "name": "(anonymous_32)",
        "decl": {
          "start": {
            "line": 223,
            "column": 16
          },
          "end": {
            "line": 223,
            "column": 17
          }
        },
        "loc": {
          "start": {
            "line": 223,
            "column": 30
          },
          "end": {
            "line": 223,
            "column": 55
          }
        },
        "line": 223
      },
      "33": {
        "name": "(anonymous_33)",
        "decl": {
          "start": {
            "line": 224,
            "column": 20
          },
          "end": {
            "line": 224,
            "column": 21
          }
        },
        "loc": {
          "start": {
            "line": 224,
            "column": 43
          },
          "end": {
            "line": 224,
            "column": 81
          }
        },
        "line": 224
      },
      "34": {
        "name": "(anonymous_34)",
        "decl": {
          "start": {
            "line": 227,
            "column": 27
          },
          "end": {
            "line": 227,
            "column": 28
          }
        },
        "loc": {
          "start": {
            "line": 227,
            "column": 41
          },
          "end": {
            "line": 227,
            "column": 77
          }
        },
        "line": 227
      },
      "35": {
        "name": "(anonymous_35)",
        "decl": {
          "start": {
            "line": 228,
            "column": 25
          },
          "end": {
            "line": 228,
            "column": 26
          }
        },
        "loc": {
          "start": {
            "line": 228,
            "column": 46
          },
          "end": {
            "line": 228,
            "column": 87
          }
        },
        "line": 228
      },
      "36": {
        "name": "(anonymous_36)",
        "decl": {
          "start": {
            "line": 229,
            "column": 24
          },
          "end": {
            "line": 229,
            "column": 25
          }
        },
        "loc": {
          "start": {
            "line": 229,
            "column": 45
          },
          "end": {
            "line": 229,
            "column": 85
          }
        },
        "line": 229
      },
      "37": {
        "name": "(anonymous_37)",
        "decl": {
          "start": {
            "line": 230,
            "column": 19
          },
          "end": {
            "line": 230,
            "column": 20
          }
        },
        "loc": {
          "start": {
            "line": 230,
            "column": 33
          },
          "end": {
            "line": 230,
            "column": 61
          }
        },
        "line": 230
      },
      "38": {
        "name": "(anonymous_38)",
        "decl": {
          "start": {
            "line": 231,
            "column": 22
          },
          "end": {
            "line": 231,
            "column": 23
          }
        },
        "loc": {
          "start": {
            "line": 231,
            "column": 36
          },
          "end": {
            "line": 231,
            "column": 67
          }
        },
        "line": 231
      },
      "39": {
        "name": "(anonymous_39)",
        "decl": {
          "start": {
            "line": 232,
            "column": 19
          },
          "end": {
            "line": 232,
            "column": 20
          }
        },
        "loc": {
          "start": {
            "line": 232,
            "column": 32
          },
          "end": {
            "line": 232,
            "column": 59
          }
        },
        "line": 232
      },
      "40": {
        "name": "(anonymous_40)",
        "decl": {
          "start": {
            "line": 233,
            "column": 21
          },
          "end": {
            "line": 233,
            "column": 22
          }
        },
        "loc": {
          "start": {
            "line": 233,
            "column": 35
          },
          "end": {
            "line": 233,
            "column": 65
          }
        },
        "line": 233
      },
      "41": {
        "name": "(anonymous_41)",
        "decl": {
          "start": {
            "line": 234,
            "column": 21
          },
          "end": {
            "line": 234,
            "column": 22
          }
        },
        "loc": {
          "start": {
            "line": 234,
            "column": 35
          },
          "end": {
            "line": 234,
            "column": 65
          }
        },
        "line": 234
      },
      "42": {
        "name": "(anonymous_42)",
        "decl": {
          "start": {
            "line": 237,
            "column": 16
          },
          "end": {
            "line": 237,
            "column": 17
          }
        },
        "loc": {
          "start": {
            "line": 237,
            "column": 38
          },
          "end": {
            "line": 237,
            "column": 71
          }
        },
        "line": 237
      },
      "43": {
        "name": "(anonymous_43)",
        "decl": {
          "start": {
            "line": 238,
            "column": 15
          },
          "end": {
            "line": 238,
            "column": 16
          }
        },
        "loc": {
          "start": {
            "line": 238,
            "column": 38
          },
          "end": {
            "line": 238,
            "column": 71
          }
        },
        "line": 238
      },
      "44": {
        "name": "(anonymous_44)",
        "decl": {
          "start": {
            "line": 239,
            "column": 16
          },
          "end": {
            "line": 239,
            "column": 17
          }
        },
        "loc": {
          "start": {
            "line": 239,
            "column": 29
          },
          "end": {
            "line": 239,
            "column": 53
          }
        },
        "line": 239
      },
      "45": {
        "name": "(anonymous_45)",
        "decl": {
          "start": {
            "line": 242,
            "column": 20
          },
          "end": {
            "line": 242,
            "column": 21
          }
        },
        "loc": {
          "start": {
            "line": 242,
            "column": 35
          },
          "end": {
            "line": 242,
            "column": 65
          }
        },
        "line": 242
      },
      "46": {
        "name": "(anonymous_46)",
        "decl": {
          "start": {
            "line": 243,
            "column": 20
          },
          "end": {
            "line": 243,
            "column": 21
          }
        },
        "loc": {
          "start": {
            "line": 243,
            "column": 35
          },
          "end": {
            "line": 243,
            "column": 65
          }
        },
        "line": 243
      },
      "47": {
        "name": "(anonymous_47)",
        "decl": {
          "start": {
            "line": 246,
            "column": 22
          },
          "end": {
            "line": 246,
            "column": 23
          }
        },
        "loc": {
          "start": {
            "line": 246,
            "column": 34
          },
          "end": {
            "line": 246,
            "column": 63
          }
        },
        "line": 246
      },
      "48": {
        "name": "(anonymous_48)",
        "decl": {
          "start": {
            "line": 247,
            "column": 16
          },
          "end": {
            "line": 247,
            "column": 17
          }
        },
        "loc": {
          "start": {
            "line": 247,
            "column": 33
          },
          "end": {
            "line": 247,
            "column": 61
          }
        },
        "line": 247
      },
      "49": {
        "name": "(anonymous_49)",
        "decl": {
          "start": {
            "line": 248,
            "column": 18
          },
          "end": {
            "line": 248,
            "column": 19
          }
        },
        "loc": {
          "start": {
            "line": 248,
            "column": 24
          },
          "end": {
            "line": 248,
            "column": 43
          }
        },
        "line": 248
      }
    },
    "branchMap": {
      "0": {
        "loc": {
          "start": {
            "line": 9,
            "column": 55
          },
          "end": {
            "line": 9,
            "column": 67
          }
        },
        "type": "default-arg",
        "locations": [
          {
            "start": {
              "line": 9,
              "column": 65
            },
            "end": {
              "line": 9,
              "column": 67
            }
          }
        ],
        "line": 9
      },
      "1": {
        "loc": {
          "start": {
            "line": 11,
            "column": 4
          },
          "end": {
            "line": 11,
            "column": 18
          }
        },
        "type": "default-arg",
        "locations": [
          {
            "start": {
              "line": 11,
              "column": 16
            },
            "end": {
              "line": 11,
              "column": 18
            }
          }
        ],
        "line": 11
      },
      "2": {
        "loc": {
          "start": {
            "line": 12,
            "column": 4
          },
          "end": {
            "line": 12,
            "column": 14
          }
        },
        "type": "default-arg",
        "locations": [
          {
            "start": {
              "line": 12,
              "column": 12
            },
            "end": {
              "line": 12,
              "column": 14
            }
          }
        ],
        "line": 12
      },
      "3": {
        "loc": {
          "start": {
            "line": 13,
            "column": 4
          },
          "end": {
            "line": 13,
            "column": 17
          }
        },
        "type": "default-arg",
        "locations": [
          {
            "start": {
              "line": 13,
              "column": 15
            },
            "end": {
              "line": 13,
              "column": 17
            }
          }
        ],
        "line": 13
      },
      "4": {
        "loc": {
          "start": {
            "line": 18,
            "column": 2
          },
          "end": {
            "line": 20,
            "column": 3
          }
        },
        "type": "if",
        "locations": [
          {
            "start": {
              "line": 18,
              "column": 2
            },
            "end": {
              "line": 20,
              "column": 3
            }
          },
          {
            "start": {},
            "end": {}
          }
        ],
        "line": 18
      },
      "5": {
        "loc": {
          "start": {
            "line": 23,
            "column": 2
          },
          "end": {
            "line": 25,
            "column": 3
          }
        },
        "type": "if",
        "locations": [
          {
            "start": {
              "line": 23,
              "column": 2
            },
            "end": {
              "line": 25,
              "column": 3
            }
          },
          {
            "start": {},
            "end": {}
          }
        ],
        "line": 23
      },
      "6": {
        "loc": {
          "start": {
            "line": 45,
            "column": 10
          },
          "end": {
            "line": 45,
            "column": 24
          }
        },
        "type": "default-arg",
        "locations": [
          {
            "start": {
              "line": 45,
              "column": 19
            },
            "end": {
              "line": 45,
              "column": 24
            }
          }
        ],
        "line": 45
      },
      "7": {
        "loc": {
          "start": {
            "line": 45,
            "column": 26
          },
          "end": {
            "line": 45,
            "column": 39
          }
        },
        "type": "default-arg",
        "locations": [
          {
            "start": {
              "line": 45,
              "column": 37
            },
            "end": {
              "line": 45,
              "column": 39
            }
          }
        ],
        "line": 45
      },
      "8": {
        "loc": {
          "start": {
            "line": 45,
            "column": 41
          },
          "end": {
            "line": 45,
            "column": 50
          }
        },
        "type": "default-arg",
        "locations": [
          {
            "start": {
              "line": 45,
              "column": 49
            },
            "end": {
              "line": 45,
              "column": 50
            }
          }
        ],
        "line": 45
      },
      "9": {
        "loc": {
          "start": {
            "line": 45,
            "column": 52
          },
          "end": {
            "line": 45,
            "column": 65
          }
        },
        "type": "default-arg",
        "locations": [
          {
            "start": {
              "line": 45,
              "column": 60
            },
            "end": {
              "line": 45,
              "column": 65
            }
          }
        ],
        "line": 45
      },
      "10": {
        "loc": {
          "start": {
            "line": 48,
            "column": 4
          },
          "end": {
            "line": 50,
            "column": 5
          }
        },
        "type": "if",
        "locations": [
          {
            "start": {
              "line": 48,
              "column": 4
            },
            "end": {
              "line": 50,
              "column": 5
            }
          },
          {
            "start": {},
            "end": {}
          }
        ],
        "line": 48
      },
      "11": {
        "loc": {
          "start": {
            "line": 52,
            "column": 4
          },
          "end": {
            "line": 62,
            "column": 5
          }
        },
        "type": "if",
        "locations": [
          {
            "start": {
              "line": 52,
              "column": 4
            },
            "end": {
              "line": 62,
              "column": 5
            }
          },
          {
            "start": {
              "line": 54,
              "column": 11
            },
            "end": {
              "line": 62,
              "column": 5
            }
          }
        ],
        "line": 52
      },
      "12": {
        "loc": {
          "start": {
            "line": 56,
            "column": 6
          },
          "end": {
            "line": 60,
            "column": 7
          }
        },
        "type": "if",
        "locations": [
          {
            "start": {
              "line": 56,
              "column": 6
            },
            "end": {
              "line": 60,
              "column": 7
            }
          },
          {
            "start": {
              "line": 58,
              "column": 13
            },
            "end": {
              "line": 60,
              "column": 7
            }
          }
        ],
        "line": 56
      },
      "13": {
        "loc": {
          "start": {
            "line": 74,
            "column": 52
          },
          "end": {
            "line": 74,
            "column": 64
          }
        },
        "type": "default-arg",
        "locations": [
          {
            "start": {
              "line": 74,
              "column": 62
            },
            "end": {
              "line": 74,
              "column": 64
            }
          }
        ],
        "line": 74
      },
      "14": {
        "loc": {
          "start": {
            "line": 75,
            "column": 10
          },
          "end": {
            "line": 75,
            "column": 25
          }
        },
        "type": "default-arg",
        "locations": [
          {
            "start": {
              "line": 75,
              "column": 20
            },
            "end": {
              "line": 75,
              "column": 25
            }
          }
        ],
        "line": 75
      },
      "15": {
        "loc": {
          "start": {
            "line": 96,
            "column": 2
          },
          "end": {
            "line": 100,
            "column": 3
          }
        },
        "type": "if",
        "locations": [
          {
            "start": {
              "line": 96,
              "column": 2
            },
            "end": {
              "line": 100,
              "column": 3
            }
          },
          {
            "start": {
              "line": 98,
              "column": 9
            },
            "end": {
              "line": 100,
              "column": 3
            }
          }
        ],
        "line": 96
      },
      "16": {
        "loc": {
          "start": {
            "line": 123,
            "column": 43
          },
          "end": {
            "line": 123,
            "column": 75
          }
        },
        "type": "default-arg",
        "locations": [
          {
            "start": {
              "line": 123,
              "column": 54
            },
            "end": {
              "line": 123,
              "column": 75
            }
          }
        ],
        "line": 123
      },
      "17": {
        "loc": {
          "start": {
            "line": 127,
            "column": 43
          },
          "end": {
            "line": 127,
            "column": 75
          }
        },
        "type": "default-arg",
        "locations": [
          {
            "start": {
              "line": 127,
              "column": 54
            },
            "end": {
              "line": 127,
              "column": 75
            }
          }
        ],
        "line": 127
      },
      "18": {
        "loc": {
          "start": {
            "line": 134,
            "column": 47
          },
          "end": {
            "line": 134,
            "column": 59
          }
        },
        "type": "default-arg",
        "locations": [
          {
            "start": {
              "line": 134,
              "column": 57
            },
            "end": {
              "line": 134,
              "column": 59
            }
          }
        ],
        "line": 134
      },
      "19": {
        "loc": {
          "start": {
            "line": 135,
            "column": 10
          },
          "end": {
            "line": 135,
            "column": 41
          }
        },
        "type": "default-arg",
        "locations": [
          {
            "start": {
              "line": 135,
              "column": 21
            },
            "end": {
              "line": 135,
              "column": 41
            }
          }
        ],
        "line": 135
      },
      "20": {
        "loc": {
          "start": {
            "line": 135,
            "column": 43
          },
          "end": {
            "line": 135,
            "column": 55
          }
        },
        "type": "default-arg",
        "locations": [
          {
            "start": {
              "line": 135,
              "column": 51
            },
            "end": {
              "line": 135,
              "column": 55
            }
          }
        ],
        "line": 135
      },
      "21": {
        "loc": {
          "start": {
            "line": 139,
            "column": 2
          },
          "end": {
            "line": 141,
            "column": 3
          }
        },
        "type": "if",
        "locations": [
          {
            "start": {
              "line": 139,
              "column": 2
            },
            "end": {
              "line": 141,
              "column": 3
            }
          },
          {
            "start": {},
            "end": {}
          }
        ],
        "line": 139
      },
      "22": {
        "loc": {
          "start": {
            "line": 147,
            "column": 47
          },
          "end": {
            "line": 147,
            "column": 59
          }
        },
        "type": "default-arg",
        "locations": [
          {
            "start": {
              "line": 147,
              "column": 57
            },
            "end": {
              "line": 147,
              "column": 59
            }
          }
        ],
        "line": 147
      },
      "23": {
        "loc": {
          "start": {
            "line": 148,
            "column": 10
          },
          "end": {
            "line": 148,
            "column": 23
          }
        },
        "type": "default-arg",
        "locations": [
          {
            "start": {
              "line": 148,
              "column": 18
            },
            "end": {
              "line": 148,
              "column": 23
            }
          }
        ],
        "line": 148
      },
      "24": {
        "loc": {
          "start": {
            "line": 152,
            "column": 2
          },
          "end": {
            "line": 156,
            "column": 3
          }
        },
        "type": "if",
        "locations": [
          {
            "start": {
              "line": 152,
              "column": 2
            },
            "end": {
              "line": 156,
              "column": 3
            }
          },
          {
            "start": {
              "line": 154,
              "column": 9
            },
            "end": {
              "line": 156,
              "column": 3
            }
          }
        ],
        "line": 152
      },
      "25": {
        "loc": {
          "start": {
            "line": 160,
            "column": 38
          },
          "end": {
            "line": 160,
            "column": 52
          }
        },
        "type": "default-arg",
        "locations": [
          {
            "start": {
              "line": 160,
              "column": 48
            },
            "end": {
              "line": 160,
              "column": 52
            }
          }
        ],
        "line": 160
      },
      "26": {
        "loc": {
          "start": {
            "line": 167,
            "column": 42
          },
          "end": {
            "line": 167,
            "column": 56
          }
        },
        "type": "default-arg",
        "locations": [
          {
            "start": {
              "line": 167,
              "column": 54
            },
            "end": {
              "line": 167,
              "column": 56
            }
          }
        ],
        "line": 167
      },
      "27": {
        "loc": {
          "start": {
            "line": 178,
            "column": 42
          },
          "end": {
            "line": 178,
            "column": 56
          }
        },
        "type": "default-arg",
        "locations": [
          {
            "start": {
              "line": 178,
              "column": 54
            },
            "end": {
              "line": 178,
              "column": 56
            }
          }
        ],
        "line": 178
      },
      "28": {
        "loc": {
          "start": {
            "line": 201,
            "column": 2
          },
          "end": {
            "line": 203,
            "column": 3
          }
        },
        "type": "if",
        "locations": [
          {
            "start": {
              "line": 201,
              "column": 2
            },
            "end": {
              "line": 203,
              "column": 3
            }
          },
          {
            "start": {},
            "end": {}
          }
        ],
        "line": 201
      },
      "29": {
        "loc": {
          "start": {
            "line": 208,
            "column": 10
          },
          "end": {
            "line": 208,
            "column": 36
          }
        },
        "type": "default-arg",
        "locations": [
          {
            "start": {
              "line": 208,
              "column": 18
            },
            "end": {
              "line": 208,
              "column": 36
            }
          }
        ],
        "line": 208
      },
      "30": {
        "loc": {
          "start": {
            "line": 208,
            "column": 38
          },
          "end": {
            "line": 208,
            "column": 62
          }
        },
        "type": "default-arg",
        "locations": [
          {
            "start": {
              "line": 208,
              "column": 49
            },
            "end": {
              "line": 208,
              "column": 62
            }
          }
        ],
        "line": 208
      }
    },
    "s": {
      "0": 967,
      "1": 0,
      "2": 0,
      "3": 0,
      "4": 0,
      "5": 0,
      "6": 0,
      "7": 0,
      "8": 0,
      "9": 0,
      "10": 967,
      "11": 0,
      "12": 0,
      "13": 967,
      "14": 0,
      "15": 0,
      "16": 0,
      "17": 0,
      "18": 0,
      "19": 0,
      "20": 0,
      "21": 0,
      "22": 0,
      "23": 0,
      "24": 0,
      "25": 967,
      "26": 0,
      "27": 0,
      "28": 967,
      "29": 0,
      "30": 0,
      "31": 967,
      "32": 0,
      "33": 967,
      "34": 0,
      "35": 0,
      "36": 0,
      "37": 0,
      "38": 0,
      "39": 0,
      "40": 0,
      "41": 0,
      "42": 967,
      "43": 0,
      "44": 967,
      "45": 0,
      "46": 967,
      "47": 0,
      "48": 967,
      "49": 0,
      "50": 967,
      "51": 0,
      "52": 967,
      "53": 0,
      "54": 967,
      "55": 0,
      "56": 0,
      "57": 0,
      "58": 0,
      "59": 0,
      "60": 967,
      "61": 0,
      "62": 0,
      "63": 0,
      "64": 0,
      "65": 0,
      "66": 967,
      "67": 0,
      "68": 967,
      "69": 0,
      "70": 967,
      "71": 0,
      "72": 967,
      "73": 0,
      "74": 0,
      "75": 0,
      "76": 967,
      "77": 0,
      "78": 0,
      "79": 0,
      "80": 967,
      "81": 0,
      "82": 967,
      "83": 0,
      "84": 0,
      "85": 0,
      "86": 0,
      "87": 0,
      "88": 0,
      "89": 0,
      "90": 0,
      "91": 0,
      "92": 0,
      "93": 0,
      "94": 0,
      "95": 0,
      "96": 0,
      "97": 0,
      "98": 0,
      "99": 0,
      "100": 0,
      "101": 0,
      "102": 0,
      "103": 0
    },
    "f": {
      "0": 0,
      "1": 0,
      "2": 0,
      "3": 0,
      "4": 0,
      "5": 0,
      "6": 0,
      "7": 0,
      "8": 0,
      "9": 0,
      "10": 0,
      "11": 0,
      "12": 0,
      "13": 0,
      "14": 0,
      "15": 0,
      "16": 0,
      "17": 0,
      "18": 0,
      "19": 0,
      "20": 0,
      "21": 0,
      "22": 0,
      "23": 0,
      "24": 0,
      "25": 0,
      "26": 0,
      "27": 0,
      "28": 0,
      "29": 0,
      "30": 0,
      "31": 0,
      "32": 0,
      "33": 0,
      "34": 0,
      "35": 0,
      "36": 0,
      "37": 0,
      "38": 0,
      "39": 0,
      "40": 0,
      "41": 0,
      "42": 0,
      "43": 0,
      "44": 0,
      "45": 0,
      "46": 0,
      "47": 0,
      "48": 0,
      "49": 0
    },
    "b": {
      "0": [
        0
      ],
      "1": [
        0
      ],
      "2": [
        0
      ],
      "3": [
        0
      ],
      "4": [
        0,
        0
      ],
      "5": [
        0,
        0
      ],
      "6": [
        0
      ],
      "7": [
        0
      ],
      "8": [
        0
      ],
      "9": [
        0
      ],
      "10": [
        0,
        0
      ],
      "11": [
        0,
        0
      ],
      "12": [
        0,
        0
      ],
      "13": [
        0
      ],
      "14": [
        0
      ],
      "15": [
        0,
        0
      ],
      "16": [
        0
      ],
      "17": [
        0
      ],
      "18": [
        0
      ],
      "19": [
        0
      ],
      "20": [
        0
      ],
      "21": [
        0,
        0
      ],
      "22": [
        0
      ],
      "23": [
        0
      ],
      "24": [
        0,
        0
      ],
      "25": [
        0
      ],
      "26": [
        0
      ],
      "27": [
        0
      ],
      "28": [
        0,
        0
      ],
      "29": [
        0
      ],
      "30": [
        0
      ]
    },
    "_coverageSchema": "1a1c01bbd47fc00a2c39e90264f33305004495a9",
    "hash": "2e3bb29c013b308dd7d679661a39e4699efcc127"
  },
  "C:\\Projects\\EverFreeNote\\cypress\\support\\component.js": {
    "path": "C:\\Projects\\EverFreeNote\\cypress\\support\\component.js",
    "statementMap": {
      "0": {
        "start": {
          "line": 29,
          "column": 0
        },
        "end": {
          "line": 35,
          "column": 2
        }
      },
      "1": {
        "start": {
          "line": 30,
          "column": 2
        },
        "end": {
          "line": 34,
          "column": 3
        }
      },
      "2": {
        "start": {
          "line": 38,
          "column": 0
        },
        "end": {
          "line": 56,
          "column": 2
        }
      },
      "3": {
        "start": {
          "line": 39,
          "column": 2
        },
        "end": {
          "line": 55,
          "column": 4
        }
      },
      "4": {
        "start": {
          "line": 40,
          "column": 4
        },
        "end": {
          "line": 54,
          "column": 5
        }
      },
      "5": {
        "start": {
          "line": 59,
          "column": 0
        },
        "end": {
          "line": 61,
          "column": 2
        }
      },
      "6": {
        "start": {
          "line": 60,
          "column": 2
        },
        "end": {
          "line": 60,
          "column": 19
        }
      }
    },
    "fnMap": {
      "0": {
        "name": "(anonymous_0)",
        "decl": {
          "start": {
            "line": 29,
            "column": 33
          },
          "end": {
            "line": 29,
            "column": 34
          }
        },
        "loc": {
          "start": {
            "line": 29,
            "column": 42
          },
          "end": {
            "line": 35,
            "column": 1
          }
        },
        "line": 29
      },
      "1": {
        "name": "(anonymous_1)",
        "decl": {
          "start": {
            "line": 38,
            "column": 37
          },
          "end": {
            "line": 38,
            "column": 38
          }
        },
        "loc": {
          "start": {
            "line": 38,
            "column": 43
          },
          "end": {
            "line": 56,
            "column": 1
          }
        },
        "line": 38
      },
      "2": {
        "name": "(anonymous_2)",
        "decl": {
          "start": {
            "line": 39,
            "column": 19
          },
          "end": {
            "line": 39,
            "column": 20
          }
        },
        "loc": {
          "start": {
            "line": 39,
            "column": 28
          },
          "end": {
            "line": 55,
            "column": 3
          }
        },
        "line": 39
      },
      "3": {
        "name": "(anonymous_3)",
        "decl": {
          "start": {
            "line": 59,
            "column": 11
          },
          "end": {
            "line": 59,
            "column": 12
          }
        },
        "loc": {
          "start": {
            "line": 59,
            "column": 17
          },
          "end": {
            "line": 61,
            "column": 1
          }
        },
        "line": 59
      }
    },
    "branchMap": {},
    "s": {
      "0": 967,
      "1": 0,
      "2": 967,
      "3": 7817,
      "4": 7817,
      "5": 967,
      "6": 7817
    },
    "f": {
      "0": 0,
      "1": 7817,
      "2": 7817,
      "3": 7817
    },
    "b": {},
    "_coverageSchema": "1a1c01bbd47fc00a2c39e90264f33305004495a9",
    "hash": "9cc6b1205c08b815e8eb8029bb1e7ddfd7795ccb"
  },
  "C:\\Projects\\EverFreeNote\\lib\\utils.js": {
    "path": "C:\\Projects\\EverFreeNote\\lib\\utils.js",
    "statementMap": {
      "0": {
        "start": {
          "line": 5,
          "column": 2
        },
        "end": {
          "line": 5,
          "column": 31
        }
      }
    },
    "fnMap": {
      "0": {
        "name": "cn",
        "decl": {
          "start": {
            "line": 4,
            "column": 16
          },
          "end": {
            "line": 4,
            "column": 18
          }
        },
        "loc": {
          "start": {
            "line": 4,
            "column": 30
          },
          "end": {
            "line": 6,
            "column": 1
          }
        },
        "line": 4
      }
    },
    "branchMap": {},
    "s": {
      "0": 206343
    },
    "f": {
      "0": 206343
    },
    "b": {},
    "_coverageSchema": "1a1c01bbd47fc00a2c39e90264f33305004495a9",
    "hash": "2d97cb55b3188476cefdd8ae81931248b61ac19d"
  },
  "C:\\Projects\\EverFreeNote\\components\\ui\\button.jsx": {
    "path": "C:\\Projects\\EverFreeNote\\components\\ui\\button.jsx",
    "statementMap": {
      "0": {
        "start": {
          "line": 7,
          "column": 23
        },
        "end": {
          "line": 35,
          "column": 1
        }
      },
      "1": {
        "start": {
          "line": 37,
          "column": 15
        },
        "end": {
          "line": 45,
          "column": 2
        }
      },
      "2": {
        "start": {
          "line": 38,
          "column": 15
        },
        "end": {
          "line": 38,
          "column": 40
        }
      },
      "3": {
        "start": {
          "line": 39,
          "column": 2
        },
        "end": {
          "line": 44,
          "column": 4
        }
      },
      "4": {
        "start": {
          "line": 46,
          "column": 0
        },
        "end": {
          "line": 46,
          "column": 29
        }
      }
    },
    "fnMap": {
      "0": {
        "name": "(anonymous_0)",
        "decl": {
          "start": {
            "line": 37,
            "column": 32
          },
          "end": {
            "line": 37,
            "column": 33
          }
        },
        "loc": {
          "start": {
            "line": 37,
            "column": 98
          },
          "end": {
            "line": 45,
            "column": 1
          }
        },
        "line": 37
      }
    },
    "branchMap": {
      "0": {
        "loc": {
          "start": {
            "line": 37,
            "column": 61
          },
          "end": {
            "line": 37,
            "column": 76
          }
        },
        "type": "default-arg",
        "locations": [
          {
            "start": {
              "line": 37,
              "column": 71
            },
            "end": {
              "line": 37,
              "column": 76
            }
          }
        ],
        "line": 37
      },
[...]
          "column": 56
        }
      },
      "106": {
        "start": {
          "line": 168,
          "column": 2
        },
        "end": {
          "line": 182,
          "column": 4
        }
      },
      "107": {
        "start": {
          "line": 169,
          "column": 4
        },
        "end": {
          "line": 177,
          "column": 5
        }
      },
      "108": {
        "start": {
          "line": 180,
          "column": 4
        },
        "end": {
          "line": 180,
          "column": 59
        }
      },
      "109": {
        "start": {
          "line": 181,
          "column": 4
        },
        "end": {
          "line": 181,
          "column": 43
        }
      },
      "110": {
        "start": {
          "line": 184,
          "column": 2
        },
        "end": {
          "line": 198,
          "column": 4
        }
      },
      "111": {
        "start": {
          "line": 185,
          "column": 4
        },
        "end": {
          "line": 193,
          "column": 5
        }
      },
      "112": {
        "start": {
          "line": 196,
          "column": 4
        },
        "end": {
          "line": 196,
          "column": 46
        }
      },
      "113": {
        "start": {
          "line": 197,
          "column": 4
        },
        "end": {
          "line": 197,
          "column": 62
        }
      },
      "114": {
        "start": {
          "line": 200,
          "column": 2
        },
        "end": {
          "line": 213,
          "column": 4
        }
      },
      "115": {
        "start": {
          "line": 201,
          "column": 4
        },
        "end": {
          "line": 209,
          "column": 5
        }
      },
      "116": {
        "start": {
          "line": 212,
          "column": 4
        },
        "end": {
          "line": 212,
          "column": 54
        }
      },
      "117": {
        "start": {
          "line": 215,
          "column": 2
        },
        "end": {
          "line": 242,
          "column": 4
        }
      },
      "118": {
        "start": {
          "line": 216,
          "column": 30
        },
        "end": {
          "line": 224,
          "column": 5
        }
      },
      "119": {
        "start": {
          "line": 226,
          "column": 4
        },
        "end": {
          "line": 234,
          "column": 5
        }
      },
      "120": {
        "start": {
          "line": 237,
          "column": 4
        },
        "end": {
          "line": 238,
          "column": 39
        }
      },
      "121": {
        "start": {
          "line": 240,
          "column": 4
        },
        "end": {
          "line": 241,
          "column": 39
        }
      }
    },
    "fnMap": {
      "0": {
        "name": "(anonymous_0)",
        "decl": {
          "start": {
            "line": 4,
            "column": 38
          },
          "end": {
            "line": 4,
            "column": 39
          }
        },
        "loc": {
          "start": {
            "line": 4,
            "column": 44
          },
          "end": {
            "line": 282,
            "column": 1
          }
        },
        "line": 4
      },
      "1": {
        "name": "(anonymous_1)",
        "decl": {
          "start": {
            "line": 32,
            "column": 13
          },
          "end": {
            "line": 32,
            "column": 14
          }
        },
        "loc": {
          "start": {
            "line": 32,
            "column": 19
          },
          "end": {
            "line": 35,
            "column": 3
          }
        },
        "line": 32
      },
      "2": {
        "name": "(anonymous_2)",
        "decl": {
          "start": {
            "line": 37,
            "column": 42
          },
          "end": {
            "line": 37,
            "column": 43
          }
        },
        "loc": {
          "start": {
            "line": 37,
            "column": 48
          },
          "end": {
            "line": 51,
            "column": 3
          }
        },
        "line": 37
      },
      "3": {
        "name": "(anonymous_3)",
        "decl": {
          "start": {
            "line": 53,
            "column": 46
          },
          "end": {
            "line": 53,
            "column": 47
          }
        },
        "loc": {
          "start": {
            "line": 53,
            "column": 52
          },
          "end": {
            "line": 68,
            "column": 3
          }
        },
        "line": 53
      },
      "4": {
        "name": "(anonymous_4)",
        "decl": {
          "start": {
            "line": 70,
            "column": 40
          },
          "end": {
            "line": 70,
            "column": 41
          }
        },
        "loc": {
          "start": {
            "line": 70,
            "column": 46
          },
          "end": {
            "line": 90,
            "column": 3
          }
        },
        "line": 70
      },
      "5": {
        "name": "(anonymous_5)",
        "decl": {
          "start": {
            "line": 92,
            "column": 44
          },
          "end": {
            "line": 92,
            "column": 45
          }
        },
        "loc": {
          "start": {
            "line": 92,
            "column": 50
          },
          "end": {
            "line": 106,
            "column": 3
          }
        },
        "line": 92
      },
      "6": {
        "name": "(anonymous_6)",
        "decl": {
          "start": {
            "line": 108,
            "column": 33
          },
          "end": {
            "line": 108,
            "column": 34
          }
        },
        "loc": {
          "start": {
            "line": 108,
            "column": 39
          },
          "end": {
            "line": 126,
            "column": 3
          }
        },
        "line": 108
      },
      "7": {
        "name": "(anonymous_7)",
        "decl": {
          "start": {
            "line": 128,
            "column": 48
          },
          "end": {
            "line": 128,
            "column": 49
          }
        },
        "loc": {
          "start": {
            "line": 128,
            "column": 54
          },
          "end": {
            "line": 143,
            "column": 3
          }
        },
        "line": 128
      },
      "8": {
        "name": "(anonymous_8)",
        "decl": {
          "start": {
            "line": 145,
            "column": 45
          },
          "end": {
            "line": 145,
            "column": 46
          }
        },
        "loc": {
          "start": {
            "line": 145,
            "column": 51
          },
          "end": {
            "line": 159,
            "column": 3
          }
        },
        "line": 145
      },
      "9": {
        "name": "(anonymous_9)",
        "decl": {
          "start": {
            "line": 161,
            "column": 34
          },
          "end": {
            "line": 161,
            "column": 35
          }
        },
        "loc": {
          "start": {
            "line": 161,
            "column": 40
          },
          "end": {
            "line": 175,
            "column": 3
          }
        },
        "line": 161
      },
      "10": {
        "name": "(anonymous_10)",
        "decl": {
          "start": {
            "line": 177,
            "column": 35
          },
          "end": {
            "line": 177,
            "column": 36
          }
        },
        "loc": {
          "start": {
            "line": 177,
            "column": 41
          },
          "end": {
            "line": 191,
            "column": 3
          }
        },
        "line": 177
      },
      "11": {
        "name": "(anonymous_11)",
        "decl": {
          "start": {
            "line": 193,
            "column": 38
          },
          "end": {
            "line": 193,
            "column": 39
          }
        },
        "loc": {
          "start": {
            "line": 193,
            "column": 44
          },
          "end": {
            "line": 209,
            "column": 3
          }
        },
        "line": 193
      },
      "12": {
        "name": "(anonymous_12)",
        "decl": {
          "start": {
            "line": 211,
            "column": 38
          },
          "end": {
            "line": 211,
            "column": 39
          }
        },
        "loc": {
          "start": {
            "line": 211,
            "column": 44
          },
          "end": {
            "line": 224,
            "column": 3
          }
        },
        "line": 211
      },
      "13": {
        "name": "(anonymous_13)",
        "decl": {
          "start": {
            "line": 226,
            "column": 57
          },
          "end": {
            "line": 226,
            "column": 58
          }
        },
        "loc": {
          "start": {
            "line": 226,
            "column": 63
          },
          "end": {
            "line": 252,
            "column": 3
          }
        },
        "line": 226
      },
      "14": {
        "name": "(anonymous_14)",
        "decl": {
          "start": {
            "line": 228,
            "column": 56
          },
          "end": {
            "line": 228,
            "column": 57
          }
        },
        "loc": {
          "start": {
            "line": 228,
            "column": 67
          },
          "end": {
            "line": 234,
            "column": 5
          }
        },
        "line": 228
      },
      "15": {
        "name": "(anonymous_15)",
        "decl": {
          "start": {
            "line": 254,
            "column": 47
          },
          "end": {
            "line": 254,
            "column": 48
          }
        },
        "loc": {
          "start": {
            "line": 254,
            "column": 53
          },
          "end": {
            "line": 281,
            "column": 3
          }
        },
        "line": 254
      },
      "16": {
        "name": "(anonymous_0)",
        "decl": {
          "start": {
            "line": 5,
            "column": 31
          },
          "end": {
            "line": 5,
            "column": 32
          }
        },
        "loc": {
          "start": {
            "line": 5,
            "column": 42
          },
          "end": {
            "line": 11,
            "column": 1
          }
        },
        "line": 5
      },
      "17": {
        "name": "(anonymous_1)",
        "decl": {
          "start": {
            "line": 13,
            "column": 38
          },
          "end": {
            "line": 13,
            "column": 39
          }
        },
        "loc": {
          "start": {
            "line": 13,
            "column": 44
          },
          "end": {
            "line": 243,
            "column": 1
          }
        },
        "line": 13
      },
      "18": {
        "name": "(anonymous_2)",
        "decl": {
          "start": {
            "line": 41,
            "column": 13
          },
          "end": {
            "line": 41,
            "column": 14
          }
        },
        "loc": {
          "start": {
            "line": 41,
            "column": 19
          },
          "end": {
            "line": 44,
            "column": 3
          }
        },
        "line": 41
      },
      "19": {
        "name": "(anonymous_3)",
        "decl": {
          "start": {
            "line": 46,
            "column": 42
          },
          "end": {
            "line": 46,
            "column": 43
          }
        },
        "loc": {
          "start": {
            "line": 46,
            "column": 48
          },
          "end": {
            "line": 60,
            "column": 3
          }
        },
        "line": 46
      },
      "20": {
        "name": "(anonymous_4)",
        "decl": {
          "start": {
            "line": 62,
            "column": 46
          },
          "end": {
            "line": 62,
            "column": 47
          }
        },
        "loc": {
          "start": {
            "line": 62,
            "column": 52
          },
          "end": {
            "line": 77,
            "column": 3
          }
        },
        "line": 62
      },
      "21": {
        "name": "(anonymous_5)",
        "decl": {
          "start": {
            "line": 79,
            "column": 40
          },
          "end": {
            "line": 79,
            "column": 41
          }
        },
        "loc": {
          "start": {
            "line": 79,
            "column": 46
          },
          "end": {
            "line": 99,
            "column": 3
          }
        },
        "line": 79
      },
      "22": {
        "name": "(anonymous_6)",
        "decl": {
          "start": {
            "line": 101,
            "column": 44
          },
          "end": {
            "line": 101,
            "column": 45
          }
        },
        "loc": {
          "start": {
            "line": 101,
            "column": 50
          },
          "end": {
            "line": 115,
            "column": 3
          }
        },
        "line": 101
      },
      "23": {
        "name": "(anonymous_7)",
        "decl": {
          "start": {
            "line": 117,
            "column": 33
          },
          "end": {
            "line": 117,
            "column": 34
          }
        },
        "loc": {
          "start": {
            "line": 117,
            "column": 39
          },
          "end": {
            "line": 134,
            "column": 3
          }
        },
        "line": 117
      },
      "24": {
        "name": "(anonymous_8)",
        "decl": {
          "start": {
            "line": 136,
            "column": 48
          },
          "end": {
            "line": 136,
            "column": 49
          }
        },
        "loc": {
          "start": {
            "line": 136,
            "column": 54
          },
          "end": {
            "line": 150,
            "column": 3
          }
        },
        "line": 136
      },
      "25": {
        "name": "(anonymous_9)",
        "decl": {
          "start": {
            "line": 152,
            "column": 45
          },
          "end": {
            "line": 152,
            "column": 46
          }
        },
        "loc": {
          "start": {
            "line": 152,
            "column": 51
          },
          "end": {
            "line": 166,
            "column": 3
          }
        },
        "line": 152
      },
      "26": {
        "name": "(anonymous_10)",
        "decl": {
          "start": {
            "line": 168,
            "column": 34
          },
          "end": {
            "line": 168,
            "column": 35
          }
        },
        "loc": {
          "start": {
            "line": 168,
            "column": 40
          },
          "end": {
            "line": 182,
            "column": 3
          }
        },
        "line": 168
      },
      "27": {
        "name": "(anonymous_11)",
        "decl": {
          "start": {
            "line": 184,
            "column": 35
          },
          "end": {
            "line": 184,
            "column": 36
          }
        },
        "loc": {
          "start": {
            "line": 184,
            "column": 41
          },
          "end": {
            "line": 198,
            "column": 3
          }
        },
        "line": 184
      },
      "28": {
        "name": "(anonymous_12)",
        "decl": {
          "start": {
            "line": 200,
            "column": 38
          },
          "end": {
            "line": 200,
            "column": 39
          }
        },
        "loc": {
          "start": {
            "line": 200,
            "column": 44
          },
          "end": {
            "line": 213,
            "column": 3
          }
        },
        "line": 200
      },
      "29": {
        "name": "(anonymous_13)",
        "decl": {
          "start": {
            "line": 215,
            "column": 47
          },
          "end": {
            "line": 215,
            "column": 48
          }
        },
        "loc": {
          "start": {
            "line": 215,
            "column": 53
          },
          "end": {
            "line": 242,
            "column": 3
          }
        },
        "line": 215
      }
    },
    "branchMap": {
      "0": {
        "loc": {
          "start": {
            "line": 7,
            "column": 41
          },
          "end": {
            "line": 7,
            "column": 60
          }
        },
        "type": "binary-expr",
        "locations": [
          {
            "start": {
              "line": 7,
              "column": 41
            },
            "end": {
              "line": 7,
              "column": 53
            }
          },
          {
            "start": {
              "line": 7,
              "column": 57
            },
            "end": {
              "line": 7,
              "column": 60
            }
          }
        ],
        "line": 7
      }
    },
    "s": {
      "0": 28,
      "1": 28,
      "2": 40,
      "3": 220,
      "4": 220,
      "5": 40,
      "6": 40,
      "7": 40,
      "8": 40,
      "9": 40,
      "10": 38,
      "11": 37,
      "12": 37,
      "13": 37,
      "14": 37,
      "15": 40,
      "16": 36,
      "17": 34,
      "18": 34,
      "19": 34,
      "20": 34,
      "21": 36,
      "22": 36,
      "23": 40,
      "24": 34,
      "25": 31,
      "26": 31,
      "27": 40,
      "28": 29,
      "29": 32,
      "30": 28,
      "31": 40,
      "32": 30,
      "33": 25,
      "34": 25,
      "35": 25,
      "36": 40,
      "37": 28,
      "38": 22,
      "39": 22,
      "40": 40,
      "41": 26,
      "42": 19,
      "43": 19,
      "44": 40,
      "45": 24,
      "46": 16,
      "47": 16,
      "48": 40,
      "49": 22,
      "50": 13,
      "51": 40,
      "52": 20,
      "53": 10,
      "54": 28,
      "55": 18,
      "56": 6002,
      "57": 6,
      "58": 6,
      "59": 6,
      "60": 28,
      "61": 4,
      "62": 4,
      "63": 4,
      "64": 4,
      "65": 40,
      "66": 194,
      "67": 40,
      "68": 40,
      "69": 40,
      "70": 105,
      "71": 105,
      "72": 40,
      "73": 40,
      "74": 38,
      "75": 38,
      "76": 40,
      "77": 39,
      "78": 35,
      "79": 35,
      "80": 35,
      "81": 35,
      "82": 40,
      "83": 38,
      "84": 38,
      "85": 38,
      "86": 32,
      "87": 32,
      "88": 32,
      "89": 32,
      "90": 40,
      "91": 37,
      "92": 29,
      "93": 29,
      "94": 40,
      "95": 28,
      "96": 36,
      "97": 26,
      "98": 40,
      "99": 35,
      "100": 23,
      "101": 23,
      "102": 40,
      "103": 34,
      "104": 20,
      "105": 20,
      "106": 40,
      "107": 33,
      "108": 17,
      "109": 17,
      "110": 40,
      "111": 32,
      "112": 14,
      "113": 14,
      "114": 40,
      "115": 31,
      "116": 11,
      "117": 40,
      "118": 30,
      "119": 30,
      "120": 8,
      "121": 8
    },
    "f": {
      "0": 28,
      "1": 220,
      "2": 40,
      "3": 38,
      "4": 36,
      "5": 34,
      "6": 32,
      "7": 30,
      "8": 28,
      "9": 26,
      "10": 24,
      "11": 22,
      "12": 20,
      "13": 6,
      "14": 6002,
      "15": 4,
      "16": 194,
      "17": 40,
      "18": 105,
      "19": 40,
      "20": 39,
      "21": 38,
      "22": 37,
      "23": 36,
      "24": 35,
      "25": 34,
      "26": 33,
      "27": 32,
      "28": 31,
      "29": 30
    },
    "b": {
      "0": [
        166,
        0
      ]
    },
    "_coverageSchema": "1a1c01bbd47fc00a2c39e90264f33305004495a9",
    "hash": "94515d00eff1f2bc4d6f1074e44c9691d36ac836"
  }
}